2022-04-18 22:27:16,489 [INFO] app: Before Request
2022-04-18 22:27:16,607 [INFO] app: After Request
2022-04-18 22:51:04,225 [INFO] app: Before Request
2022-04-18 22:51:04,347 [INFO] app: After Request
2022-04-18 22:51:04,377 [INFO] app: Before Request
2022-04-18 22:51:04,380 [INFO] app: After Request
2022-04-18 22:51:04,385 [INFO] app: Before Request
2022-04-18 22:51:04,482 [INFO] app: After Request
2022-04-18 22:51:04,488 [INFO] app: Before Request
2022-04-18 22:51:04,504 [INFO] app: After Request
2022-04-18 22:51:04,694 [INFO] app: Before Request
2022-04-18 22:51:04,792 [INFO] app: After Request
2022-04-18 22:51:04,818 [INFO] app: Before Request
2022-04-18 22:51:04,908 [INFO] app: After Request
2022-04-18 22:51:04,934 [INFO] app: Before Request
2022-04-18 22:51:05,026 [INFO] app: After Request
2022-04-18 22:51:05,054 [INFO] app: Before Request
2022-04-18 22:51:05,145 [INFO] app: After Request
2022-04-18 22:51:05,171 [INFO] app: Before Request
2022-04-18 22:51:05,272 [INFO] app: After Request
2022-04-18 22:51:05,300 [INFO] app: Before Request
2022-04-18 22:51:05,392 [INFO] app: After Request
2022-04-18 22:51:05,426 [INFO] app: Before Request
2022-04-18 22:51:05,521 [INFO] app: After Request
2022-04-18 22:51:05,546 [INFO] app: Before Request
2022-04-18 22:51:05,642 [INFO] app: After Request
2022-04-18 22:53:09,990 [INFO] app: Before Request
2022-04-18 22:53:10,111 [INFO] app: After Request
2022-04-18 22:55:00,249 [INFO] app: Before Request
2022-04-18 22:55:00,591 [INFO] app: After Request
2022-04-18 22:55:55,718 [INFO] app: Before Request
2022-04-18 22:55:55,818 [INFO] app: After Request
2022-04-18 22:55:55,844 [INFO] app: Before Request
2022-04-18 22:55:55,848 [INFO] app: After Request
2022-04-18 22:55:55,853 [INFO] app: Before Request
2022-04-18 22:55:55,957 [INFO] app: After Request
2022-04-18 22:55:55,963 [INFO] app: Before Request
2022-04-18 22:55:55,977 [INFO] app: After Request
2022-04-18 22:55:56,103 [INFO] app: Before Request
2022-04-18 22:55:56,206 [INFO] app: After Request
2022-04-18 22:55:56,232 [INFO] app: Before Request
2022-04-18 22:55:56,321 [INFO] app: After Request
2022-04-18 22:55:56,346 [INFO] app: Before Request
2022-04-18 22:55:56,438 [INFO] app: After Request
2022-04-18 22:55:56,463 [INFO] app: Before Request
2022-04-18 22:55:56,553 [INFO] app: After Request
2022-04-18 22:55:56,582 [INFO] app: Before Request
2022-04-18 22:55:56,670 [INFO] app: After Request
2022-04-18 22:55:56,696 [INFO] app: Before Request
2022-04-18 22:55:56,793 [INFO] app: After Request
2022-04-18 22:55:56,820 [INFO] app: Before Request
2022-04-18 22:55:56,913 [INFO] app: After Request
2022-04-18 22:55:56,939 [INFO] app: Before Request
2022-04-18 22:55:57,031 [INFO] app: After Request
2022-04-18 23:08:41,597 [INFO] app: Before Request
2022-04-18 23:08:41,739 [INFO] app: After Request
2022-04-18 23:08:49,271 [INFO] app: Before Request
2022-04-18 23:08:49,295 [INFO] app: After Request
2022-04-18 23:08:51,689 [INFO] app: Before Request
2022-04-18 23:08:51,720 [INFO] app: After Request
2022-04-18 23:09:35,476 [INFO] app: Before Request
2022-04-18 23:09:35,710 [INFO] app: After Request
2022-04-18 23:09:35,723 [INFO] app: Before Request
2022-04-18 23:09:35,739 [INFO] app: After Request
2022-04-18 23:09:44,675 [INFO] app: Before Request
2022-04-18 23:09:44,859 [INFO] app: After Request
2022-04-18 23:09:44,874 [INFO] app: Before Request
2022-04-18 23:09:44,903 [INFO] app: After Request
2022-04-18 23:11:59,048 [INFO] app: Before Request
2022-04-18 23:11:59,112 [INFO] app: After Request
2022-04-18 23:12:01,503 [INFO] app: Before Request
2022-04-18 23:12:01,543 [INFO] app: After Request
2022-04-18 23:12:06,142 [INFO] app: Before Request
2022-04-18 23:12:06,195 [INFO] app: After Request
2022-04-18 23:12:07,150 [INFO] app: Before Request
2022-04-18 23:12:07,199 [INFO] app: Browse page loading
2022-04-18 23:12:07,264 [INFO] app: After Request
2022-04-18 23:12:07,346 [INFO] app: Before Request
2022-04-18 23:16:36,448 [INFO] app: Before Request
2022-04-18 23:16:36,557 [INFO] app: After Request
2022-04-18 23:16:36,584 [INFO] app: Before Request
2022-04-18 23:16:36,589 [INFO] app: After Request
2022-04-18 23:16:36,593 [INFO] app: Before Request
2022-04-18 23:16:36,691 [INFO] app: After Request
2022-04-18 23:16:36,697 [INFO] app: Before Request
2022-04-18 23:16:36,715 [INFO] app: After Request
2022-04-18 23:16:36,840 [INFO] app: Before Request
2022-04-18 23:16:36,932 [INFO] app: After Request
2022-04-18 23:16:36,958 [INFO] app: Before Request
2022-04-18 23:16:37,046 [INFO] app: After Request
2022-04-18 23:16:37,072 [INFO] app: Before Request
2022-04-18 23:16:37,162 [INFO] app: After Request
2022-04-18 23:16:37,189 [INFO] app: Before Request
2022-04-18 23:16:37,279 [INFO] app: After Request
2022-04-18 23:16:37,306 [INFO] app: Before Request
2022-04-18 23:16:37,396 [INFO] app: After Request
2022-04-18 23:16:37,423 [INFO] app: Before Request
2022-04-18 23:16:37,517 [INFO] app: After Request
2022-04-18 23:16:37,544 [INFO] app: Before Request
2022-04-18 23:16:37,639 [INFO] app: After Request
2022-04-18 23:16:37,664 [INFO] app: Before Request
2022-04-18 23:16:37,756 [INFO] app: After Request
2022-04-18 23:35:13,338 [INFO] app: Before Request
2022-04-18 23:35:13,433 [INFO] app: After Request
2022-04-18 23:35:13,469 [INFO] app: Before Request
2022-04-18 23:35:13,474 [INFO] app: After Request
2022-04-18 23:35:13,479 [INFO] app: Before Request
2022-04-18 23:35:13,572 [INFO] app: After Request
2022-04-18 23:35:13,578 [INFO] app: Before Request
2022-04-18 23:35:13,588 [INFO] app: After Request
2022-04-18 23:35:13,707 [INFO] app: Before Request
2022-04-18 23:35:13,798 [INFO] app: After Request
2022-04-18 23:35:13,826 [INFO] app: Before Request
2022-04-18 23:35:13,924 [INFO] app: After Request
2022-04-18 23:35:13,950 [INFO] app: Before Request
2022-04-18 23:35:14,042 [INFO] app: After Request
2022-04-18 23:35:14,069 [INFO] app: Before Request
2022-04-18 23:35:14,158 [INFO] app: After Request
2022-04-18 23:35:14,187 [INFO] app: Before Request
2022-04-18 23:35:14,278 [INFO] app: After Request
2022-04-18 23:35:14,307 [INFO] app: Before Request
2022-04-18 23:35:14,395 [INFO] app: After Request
2022-04-18 23:35:14,423 [INFO] app: Before Request
2022-04-18 23:35:14,511 [INFO] app: After Request
2022-04-18 23:35:14,537 [INFO] app: Before Request
2022-04-18 23:35:14,628 [INFO] app: After Request
2022-04-18 23:35:34,921 [INFO] app: Before Request
2022-04-18 23:35:35,013 [INFO] app: After Request
2022-04-18 23:35:35,039 [INFO] app: Before Request
2022-04-18 23:35:35,043 [INFO] app: After Request
2022-04-18 23:35:35,048 [INFO] app: Before Request
2022-04-18 23:35:35,146 [INFO] app: After Request
2022-04-18 23:35:35,152 [INFO] app: Before Request
2022-04-18 23:35:35,163 [INFO] app: After Request
2022-04-18 23:35:35,292 [INFO] app: Before Request
2022-04-18 23:35:35,386 [INFO] app: After Request
2022-04-18 23:35:35,413 [INFO] app: Before Request
2022-04-18 23:35:35,503 [INFO] app: After Request
2022-04-18 23:35:35,532 [INFO] app: Before Request
2022-04-18 23:35:35,624 [INFO] app: After Request
2022-04-18 23:35:35,650 [INFO] app: Before Request
2022-04-18 23:35:35,742 [INFO] app: After Request
2022-04-18 23:35:35,771 [INFO] app: Before Request
2022-04-18 23:35:35,862 [INFO] app: After Request
2022-04-18 23:35:35,890 [INFO] app: Before Request
2022-04-18 23:35:35,979 [INFO] app: After Request
2022-04-18 23:35:36,004 [INFO] app: Before Request
2022-04-18 23:35:36,092 [INFO] app: After Request
2022-04-18 23:35:36,117 [INFO] app: Before Request
2022-04-18 23:35:36,205 [INFO] app: After Request
2022-04-18 23:36:03,619 [INFO] app: Before Request
2022-04-18 23:36:03,721 [INFO] app: After Request
2022-04-18 23:36:03,747 [INFO] app: Before Request
2022-04-18 23:36:03,750 [INFO] app: After Request
2022-04-18 23:36:03,755 [INFO] app: Before Request
2022-04-18 23:36:03,848 [INFO] app: After Request
2022-04-18 23:36:03,855 [INFO] app: Before Request
2022-04-18 23:36:03,866 [INFO] app: After Request
2022-04-18 23:36:03,941 [INFO] app: Before Request
2022-04-18 23:36:04,031 [INFO] app: After Request
2022-04-18 23:36:04,058 [INFO] app: Before Request
2022-04-18 23:36:04,149 [INFO] app: After Request
2022-04-18 23:36:04,180 [INFO] app: Before Request
2022-04-18 23:36:04,274 [INFO] app: After Request
2022-04-18 23:36:04,301 [INFO] app: Before Request
2022-04-18 23:36:04,392 [INFO] app: After Request
2022-04-18 23:36:04,421 [INFO] app: Before Request
2022-04-18 23:36:04,511 [INFO] app: After Request
2022-04-18 23:36:04,538 [INFO] app: Before Request
2022-04-18 23:36:04,627 [INFO] app: After Request
2022-04-18 23:36:04,654 [INFO] app: Before Request
2022-04-18 23:36:04,747 [INFO] app: After Request
2022-04-18 23:36:04,772 [INFO] app: Before Request
2022-04-18 23:36:04,861 [INFO] app: After Request
2022-04-18 23:36:33,358 [INFO] app: Before Request
2022-04-18 23:36:33,452 [INFO] app: After Request
2022-04-18 23:36:33,479 [INFO] app: Before Request
2022-04-18 23:36:33,483 [INFO] app: After Request
2022-04-18 23:36:33,487 [INFO] app: Before Request
2022-04-18 23:36:33,578 [INFO] app: After Request
2022-04-18 23:36:33,585 [INFO] app: Before Request
2022-04-18 23:36:33,595 [INFO] app: After Request
2022-04-18 23:36:33,715 [INFO] app: Before Request
2022-04-18 23:36:33,809 [INFO] app: After Request
2022-04-18 23:36:33,835 [INFO] app: Before Request
2022-04-18 23:36:33,923 [INFO] app: After Request
2022-04-18 23:36:33,950 [INFO] app: Before Request
2022-04-18 23:36:34,042 [INFO] app: After Request
2022-04-18 23:36:34,068 [INFO] app: Before Request
2022-04-18 23:36:34,161 [INFO] app: After Request
2022-04-18 23:36:34,186 [INFO] app: Before Request
2022-04-18 23:36:34,277 [INFO] app: After Request
2022-04-18 23:36:34,303 [INFO] app: Before Request
2022-04-18 23:36:34,391 [INFO] app: After Request
2022-04-18 23:36:34,417 [INFO] app: Before Request
2022-04-18 23:36:34,509 [INFO] app: After Request
2022-04-18 23:36:34,534 [INFO] app: Before Request
2022-04-18 23:36:34,625 [INFO] app: After Request
2022-04-18 23:36:45,612 [INFO] app: Before Request
2022-04-18 23:36:45,707 [INFO] app: After Request
2022-04-18 23:36:45,735 [INFO] app: Before Request
2022-04-18 23:36:45,739 [INFO] app: After Request
2022-04-18 23:36:45,744 [INFO] app: Before Request
2022-04-18 23:36:45,837 [INFO] app: After Request
2022-04-18 23:36:45,843 [INFO] app: Before Request
2022-04-18 23:36:45,855 [INFO] app: After Request
2022-04-18 23:36:45,928 [INFO] app: Before Request
2022-04-18 23:36:46,019 [INFO] app: After Request
2022-04-18 23:36:46,046 [INFO] app: Before Request
2022-04-18 23:36:46,138 [INFO] app: After Request
2022-04-18 23:36:46,166 [INFO] app: Before Request
2022-04-18 23:36:46,266 [INFO] app: After Request
2022-04-18 23:36:46,301 [INFO] app: Before Request
2022-04-18 23:36:46,397 [INFO] app: After Request
2022-04-18 23:36:46,423 [INFO] app: Before Request
2022-04-18 23:36:46,515 [INFO] app: After Request
2022-04-18 23:36:46,541 [INFO] app: Before Request
2022-04-18 23:36:46,629 [INFO] app: After Request
2022-04-18 23:36:46,656 [INFO] app: Before Request
2022-04-18 23:36:46,744 [INFO] app: After Request
2022-04-18 23:36:46,790 [INFO] app: Before Request
2022-04-18 23:36:46,880 [INFO] app: After Request
2022-04-18 23:39:37,783 [INFO] app: Before Request
2022-04-18 23:39:37,879 [INFO] app: After Request
2022-04-18 23:39:37,906 [INFO] app: Before Request
2022-04-18 23:39:37,909 [INFO] app: After Request
2022-04-18 23:39:37,915 [INFO] app: Before Request
2022-04-18 23:39:38,006 [INFO] app: After Request
2022-04-18 23:39:38,012 [INFO] app: Before Request
2022-04-18 23:39:38,030 [INFO] app: After Request
2022-04-18 23:39:38,111 [INFO] app: Before Request
2022-04-18 23:39:38,207 [INFO] app: After Request
2022-04-18 23:39:38,239 [INFO] app: Before Request
2022-04-18 23:39:38,333 [INFO] app: After Request
2022-04-18 23:39:38,360 [INFO] app: Before Request
2022-04-18 23:39:38,452 [INFO] app: After Request
2022-04-18 23:39:38,481 [INFO] app: Before Request
2022-04-18 23:39:38,571 [INFO] app: After Request
2022-04-18 23:39:38,597 [INFO] app: Before Request
2022-04-18 23:39:38,686 [INFO] app: After Request
2022-04-18 23:39:38,715 [INFO] app: Before Request
2022-04-18 23:39:38,805 [INFO] app: After Request
2022-04-18 23:39:38,831 [INFO] app: Before Request
2022-04-18 23:39:38,918 [INFO] app: After Request
2022-04-18 23:39:38,946 [INFO] app: Before Request
2022-04-18 23:39:39,036 [INFO] app: After Request
2022-04-18 23:42:14,175 [INFO] app: Before Request
2022-04-18 23:42:14,276 [INFO] app: After Request
2022-04-18 23:42:14,306 [INFO] app: Before Request
2022-04-18 23:42:14,310 [INFO] app: After Request
2022-04-18 23:42:14,315 [INFO] app: Before Request
2022-04-18 23:42:14,411 [INFO] app: After Request
2022-04-18 23:42:14,418 [INFO] app: Before Request
2022-04-18 23:42:14,428 [INFO] app: After Request
2022-04-18 23:42:14,509 [INFO] app: Before Request
2022-04-18 23:42:14,601 [INFO] app: After Request
2022-04-18 23:42:14,629 [INFO] app: Before Request
2022-04-18 23:42:14,720 [INFO] app: After Request
2022-04-18 23:42:14,748 [INFO] app: Before Request
2022-04-18 23:42:14,837 [INFO] app: After Request
2022-04-18 23:42:14,867 [INFO] app: Before Request
2022-04-18 23:42:14,956 [INFO] app: After Request
2022-04-18 23:42:14,983 [INFO] app: Before Request
2022-04-18 23:42:15,075 [INFO] app: After Request
2022-04-18 23:42:15,102 [INFO] app: Before Request
2022-04-18 23:42:15,192 [INFO] app: After Request
2022-04-18 23:42:15,218 [INFO] app: Before Request
2022-04-18 23:42:15,305 [INFO] app: After Request
2022-04-18 23:42:15,332 [INFO] app: Before Request
2022-04-18 23:42:15,422 [INFO] app: After Request
2022-04-18 23:43:02,221 [INFO] app: Before Request
2022-04-18 23:43:02,277 [INFO] app: Browse page loading
2022-04-18 23:43:02,429 [INFO] app: After Request
2022-04-18 23:43:02,512 [INFO] app: Before Request
2022-04-18 23:43:03,520 [INFO] app: Before Request
2022-04-18 23:43:03,563 [INFO] app: After Request
2022-04-18 23:43:05,132 [INFO] app: Before Request
2022-04-18 23:43:05,180 [INFO] app: After Request
2022-04-18 23:56:11,436 [INFO] app: Before Request
2022-04-18 23:56:11,495 [INFO] app: After Request
2022-04-18 23:56:15,888 [INFO] app: Before Request
2022-04-18 23:56:15,937 [INFO] app: Browse page loading
2022-04-18 23:56:15,943 [INFO] app: After Request
2022-04-18 23:56:15,992 [INFO] app: Before Request
2022-04-18 23:56:21,103 [INFO] app: Before Request
2022-04-18 23:56:21,163 [INFO] app: After Request
2022-04-19 00:59:51,014 [INFO] app: Before Request
2022-04-19 00:59:51,071 [INFO] app: After Request
2022-04-19 00:59:58,009 [INFO] app: Before Request
2022-04-19 00:59:58,051 [INFO] app: Browse page loading
2022-04-19 00:59:58,055 [INFO] app: After Request
2022-04-19 00:59:58,091 [INFO] app: Before Request
2022-04-19 01:00:15,906 [INFO] app: Before Request
2022-04-19 01:00:15,958 [INFO] app: Browse page loading
2022-04-19 01:00:15,966 [INFO] app: After Request
2022-04-19 01:00:16,040 [INFO] app: Before Request
2022-04-19 01:00:17,992 [INFO] app: Before Request
2022-04-19 01:00:18,031 [INFO] app: After Request
2022-04-19 01:00:19,012 [INFO] app: Before Request
2022-04-19 01:00:19,056 [INFO] app: After Request
2022-04-19 03:26:31,750 [INFO] app: Before Request
2022-04-19 03:26:31,781 [INFO] app: After Request
2022-04-19 06:30:12,819 [INFO] app: Before Request
2022-04-19 06:30:12,866 [INFO] app: After Request
2022-04-19 06:30:18,606 [INFO] app: Before Request
2022-04-19 06:30:18,659 [INFO] app: After Request
2022-04-19 06:30:23,838 [INFO] app: Before Request
2022-04-19 06:30:23,885 [INFO] app: Browse page loading
2022-04-19 06:30:23,893 [INFO] app: After Request
2022-04-19 06:30:23,945 [INFO] app: Before Request
2022-04-19 07:08:35,596 [INFO] app: Before Request
2022-04-19 07:08:35,708 [INFO] app: Before Request
2022-04-19 07:08:35,752 [INFO] app: After Request
2022-04-19 07:08:35,769 [INFO] app: After Request
2022-04-19 07:08:36,092 [INFO] app: Before Request
2022-04-19 07:08:42,000 [INFO] app: Before Request
2022-04-19 07:08:42,047 [INFO] app: Browse page loading
2022-04-19 07:08:42,105 [INFO] app: After Request
2022-04-19 07:08:42,159 [INFO] app: Before Request
2022-04-19 07:08:44,982 [INFO] app: Before Request
2022-04-19 07:08:45,038 [INFO] app: After Request
2022-04-19 07:08:47,902 [INFO] app: Before Request
2022-04-19 07:08:47,948 [INFO] app: Browse page loading
2022-04-19 07:08:47,953 [INFO] app: After Request
2022-04-19 07:08:48,001 [INFO] app: Before Request
2022-04-19 07:08:49,241 [INFO] app: Before Request
2022-04-19 07:08:49,288 [INFO] app: After Request
2022-04-19 07:09:01,810 [INFO] app: Before Request
2022-04-19 07:09:01,901 [INFO] app: After Request
2022-04-19 07:09:01,930 [INFO] app: Before Request
2022-04-19 07:09:01,934 [INFO] app: After Request
2022-04-19 07:09:01,939 [INFO] app: Before Request
2022-04-19 07:09:02,036 [INFO] app: After Request
2022-04-19 07:09:02,042 [INFO] app: Before Request
2022-04-19 07:09:02,058 [INFO] app: After Request
2022-04-19 07:09:02,131 [INFO] app: Before Request
2022-04-19 07:09:02,224 [INFO] app: After Request
2022-04-19 07:09:02,252 [INFO] app: Before Request
2022-04-19 07:09:02,341 [INFO] app: After Request
2022-04-19 07:09:02,366 [INFO] app: Before Request
2022-04-19 07:09:02,458 [INFO] app: After Request
2022-04-19 07:09:02,488 [INFO] app: Before Request
2022-04-19 07:09:02,577 [INFO] app: After Request
2022-04-19 07:09:02,604 [INFO] app: Before Request
2022-04-19 07:09:02,695 [INFO] app: After Request
2022-04-19 07:09:02,722 [INFO] app: Before Request
2022-04-19 07:09:02,818 [INFO] app: After Request
2022-04-19 07:09:02,846 [INFO] app: Before Request
2022-04-19 07:09:02,950 [INFO] app: After Request
2022-04-19 07:09:02,980 [INFO] app: Before Request
2022-04-19 07:09:03,070 [INFO] app: After Request
2022-04-19 07:09:21,386 [INFO] app: Before Request
2022-04-19 07:09:21,484 [INFO] app: After Request
2022-04-19 07:09:21,511 [INFO] app: Before Request
2022-04-19 07:09:21,514 [INFO] app: After Request
2022-04-19 07:09:21,520 [INFO] app: Before Request
2022-04-19 07:09:21,614 [INFO] app: After Request
2022-04-19 07:09:21,621 [INFO] app: Before Request
2022-04-19 07:09:21,632 [INFO] app: After Request
2022-04-19 07:09:21,711 [INFO] app: Before Request
2022-04-19 07:09:21,804 [INFO] app: After Request
2022-04-19 07:09:21,833 [INFO] app: Before Request
2022-04-19 07:09:21,935 [INFO] app: After Request
2022-04-19 07:09:21,961 [INFO] app: Before Request
2022-04-19 07:09:22,055 [INFO] app: After Request
2022-04-19 07:09:22,084 [INFO] app: Before Request
2022-04-19 07:09:22,176 [INFO] app: After Request
2022-04-19 07:09:22,203 [INFO] app: Before Request
2022-04-19 07:09:22,296 [INFO] app: After Request
2022-04-19 07:09:22,323 [INFO] app: Before Request
2022-04-19 07:09:22,412 [INFO] app: After Request
2022-04-19 07:09:22,440 [INFO] app: Before Request
2022-04-19 07:09:22,530 [INFO] app: After Request
2022-04-19 07:09:22,557 [INFO] app: Before Request
2022-04-19 07:09:22,648 [INFO] app: After Request
2022-04-19 07:09:44,710 [INFO] app: Before Request
2022-04-19 07:09:44,757 [INFO] app: After Request
2022-04-19 07:09:47,542 [INFO] app: Before Request
2022-04-19 07:09:47,614 [INFO] app: After Request
2022-04-19 07:09:47,625 [INFO] app: Before Request
2022-04-19 07:09:47,636 [INFO] app: After Request
2022-04-19 07:09:56,957 [INFO] app: Before Request
2022-04-19 07:09:57,068 [INFO] app: After Request
2022-04-19 07:09:57,085 [INFO] app: Before Request
2022-04-19 07:09:57,091 [INFO] app: After Request
2022-04-19 07:10:06,747 [INFO] app: Before Request
2022-04-19 07:10:06,863 [INFO] app: After Request
2022-04-19 07:10:06,879 [INFO] app: Before Request
2022-04-19 07:10:06,886 [INFO] app: After Request
2022-04-19 07:10:13,684 [INFO] app: Before Request
2022-04-19 07:10:13,705 [INFO] app: After Request
2022-04-19 07:10:33,406 [INFO] app: Before Request
2022-04-19 07:10:33,577 [INFO] app: After Request
2022-04-19 07:10:33,596 [INFO] app: Before Request
2022-04-19 07:10:33,601 [INFO] app: After Request
2022-04-19 07:10:40,650 [INFO] app: Before Request
2022-04-19 07:10:40,811 [INFO] app: After Request
2022-04-19 07:10:40,826 [INFO] app: Before Request
2022-04-19 07:10:40,852 [INFO] app: After Request
2022-04-19 07:11:03,003 [INFO] app: Before Request
2022-04-19 07:11:03,072 [INFO] app: After Request
2022-04-19 07:11:03,084 [INFO] app: Before Request
2022-04-19 07:11:03,090 [INFO] app: After Request
2022-04-19 07:11:14,766 [INFO] app: Before Request
2022-04-19 07:11:14,877 [INFO] app: After Request
2022-04-19 07:11:14,894 [INFO] app: Before Request
2022-04-19 07:11:14,901 [INFO] app: After Request
2022-04-19 07:11:57,213 [INFO] app: Before Request
2022-04-19 07:11:57,316 [INFO] app: After Request
2022-04-19 07:11:57,333 [INFO] app: Before Request
2022-04-19 07:11:57,339 [INFO] app: After Request
2022-04-19 07:19:03,699 [INFO] app: Before Request
2022-04-19 07:19:03,828 [INFO] app: After Request
2022-04-19 07:19:16,090 [INFO] app: Before Request
2022-04-19 07:19:16,227 [INFO] app: After Request
2022-04-19 07:19:16,245 [INFO] app: Before Request
2022-04-19 07:19:16,259 [INFO] app: After Request
2022-04-19 07:19:21,520 [INFO] app: Before Request
2022-04-19 07:19:21,545 [INFO] app: After Request
2022-04-19 07:19:31,628 [INFO] app: Before Request
2022-04-19 07:19:31,679 [INFO] app: After Request
2022-04-19 07:19:31,700 [INFO] app: Before Request
2022-04-19 07:19:31,707 [INFO] app: After Request
2022-04-19 07:20:21,581 [INFO] app: Before Request
2022-04-19 07:20:21,689 [INFO] app: After Request
2022-04-19 07:20:21,706 [INFO] app: Before Request
2022-04-19 07:20:21,713 [INFO] app: After Request
2022-04-19 07:20:31,526 [INFO] app: Before Request
2022-04-19 07:20:31,645 [INFO] app: After Request
2022-04-19 07:20:31,663 [INFO] app: Before Request
2022-04-19 07:20:31,669 [INFO] app: After Request
2022-04-19 07:20:59,813 [INFO] app: Before Request
2022-04-19 07:20:59,922 [INFO] app: After Request
2022-04-19 07:20:59,942 [INFO] app: Before Request
2022-04-19 07:20:59,953 [INFO] app: After Request
2022-04-19 07:21:08,563 [INFO] app: Before Request
2022-04-19 07:21:08,731 [INFO] app: After Request
2022-04-19 07:21:08,746 [INFO] app: Before Request
2022-04-19 07:21:08,773 [INFO] app: After Request
2022-04-19 07:21:16,722 [INFO] app: Before Request
2022-04-19 07:21:16,770 [INFO] app: Browse page loading
2022-04-19 07:21:16,828 [INFO] app: After Request
2022-04-19 07:21:16,882 [INFO] app: Before Request
2022-04-20 00:08:42,108 [INFO] app: Before Request
2022-04-20 00:08:42,204 [INFO] app: After Request
2022-04-20 00:08:42,233 [INFO] app: Before Request
2022-04-20 00:08:42,237 [INFO] app: After Request
2022-04-20 00:08:42,243 [INFO] app: Before Request
2022-04-20 00:08:42,341 [INFO] app: After Request
2022-04-20 00:08:42,347 [INFO] app: Before Request
2022-04-20 00:08:42,357 [INFO] app: After Request
2022-04-20 00:08:42,438 [INFO] app: Before Request
2022-04-20 00:08:42,529 [INFO] app: After Request
2022-04-20 00:08:42,556 [INFO] app: Before Request
2022-04-20 00:08:42,655 [INFO] app: After Request
2022-04-20 00:08:42,687 [INFO] app: Before Request
2022-04-20 00:08:42,778 [INFO] app: After Request
2022-04-20 00:08:42,805 [INFO] app: Before Request
2022-04-20 00:08:42,900 [INFO] app: After Request
2022-04-20 00:08:42,928 [INFO] app: Before Request
2022-04-20 00:08:43,021 [INFO] app: After Request
2022-04-20 00:08:43,048 [INFO] app: Before Request
2022-04-20 00:08:43,137 [INFO] app: After Request
2022-04-20 00:08:43,164 [INFO] app: Before Request
2022-04-20 00:08:43,251 [INFO] app: After Request
2022-04-20 00:08:43,277 [INFO] app: Before Request
2022-04-20 00:08:43,364 [INFO] app: After Request
2022-04-20 00:14:13,142 [INFO] app: Before Request
2022-04-20 00:14:13,241 [INFO] app: After Request
2022-04-20 00:14:13,269 [INFO] app: Before Request
2022-04-20 00:14:13,273 [INFO] app: After Request
2022-04-20 00:14:13,279 [INFO] app: Before Request
2022-04-20 00:14:13,373 [INFO] app: After Request
2022-04-20 00:14:13,379 [INFO] app: Before Request
2022-04-20 00:14:13,390 [INFO] app: After Request
2022-04-20 00:14:13,468 [INFO] app: Before Request
2022-04-20 00:14:13,560 [INFO] app: After Request
2022-04-20 00:14:13,589 [INFO] app: Before Request
2022-04-20 00:14:13,680 [INFO] app: After Request
2022-04-20 00:14:13,709 [INFO] app: Before Request
2022-04-20 00:14:13,799 [INFO] app: After Request
2022-04-20 00:14:13,828 [INFO] app: Before Request
2022-04-20 00:14:13,919 [INFO] app: After Request
2022-04-20 00:14:13,945 [INFO] app: Before Request
2022-04-20 00:14:14,036 [INFO] app: After Request
2022-04-20 00:14:14,063 [INFO] app: Before Request
2022-04-20 00:14:14,153 [INFO] app: After Request
2022-04-20 00:14:14,179 [INFO] app: Before Request
2022-04-20 00:14:14,268 [INFO] app: After Request
2022-04-20 00:14:14,294 [INFO] app: Before Request
2022-04-20 00:14:14,386 [INFO] app: After Request
2022-04-20 00:32:47,682 [INFO] app: Before Request
2022-04-20 00:32:47,682 [INFO] app: Before Request
2022-04-20 00:32:47,682 [INFO] app: Before Request
2022-04-20 00:32:47,984 [INFO] app: After Request
2022-04-20 00:32:47,990 [INFO] app: After Request
2022-04-20 00:32:48,031 [INFO] app: After Request
2022-04-20 01:32:33,663 [INFO] app: Before Request
2022-04-20 01:32:33,760 [INFO] app: After Request
2022-04-20 01:32:33,789 [INFO] app: Before Request
2022-04-20 01:32:33,793 [INFO] app: After Request
2022-04-20 01:32:33,798 [INFO] app: Before Request
2022-04-20 01:32:33,888 [INFO] app: After Request
2022-04-20 01:32:33,894 [INFO] app: Before Request
2022-04-20 01:32:33,909 [INFO] app: After Request
2022-04-20 01:32:33,985 [INFO] app: Before Request
2022-04-20 01:32:34,081 [INFO] app: After Request
2022-04-20 01:32:34,108 [INFO] app: Before Request
2022-04-20 01:32:34,198 [INFO] app: After Request
2022-04-20 01:32:34,223 [INFO] app: Before Request
2022-04-20 01:32:34,314 [INFO] app: After Request
2022-04-20 01:32:34,341 [INFO] app: Before Request
2022-04-20 01:32:34,431 [INFO] app: After Request
2022-04-20 01:32:34,459 [INFO] app: Before Request
2022-04-20 01:32:34,552 [INFO] app: After Request
2022-04-20 01:32:34,579 [INFO] app: Before Request
2022-04-20 01:32:34,671 [INFO] app: After Request
2022-04-20 01:32:34,696 [INFO] app: Before Request
2022-04-20 01:32:34,791 [INFO] app: After Request
2022-04-20 01:32:34,818 [INFO] app: Before Request
2022-04-20 01:32:34,909 [INFO] app: After Request
2022-04-20 01:32:54,209 [INFO] app: Before Request
2022-04-20 01:32:54,303 [INFO] app: After Request
2022-04-20 01:32:54,332 [INFO] app: Before Request
2022-04-20 01:32:54,336 [INFO] app: After Request
2022-04-20 01:32:54,342 [INFO] app: Before Request
2022-04-20 01:32:54,441 [INFO] app: After Request
2022-04-20 01:32:54,448 [INFO] app: Before Request
2022-04-20 01:32:54,458 [INFO] app: After Request
2022-04-20 01:32:54,537 [INFO] app: Before Request
2022-04-20 01:32:54,629 [INFO] app: After Request
2022-04-20 01:32:54,656 [INFO] app: Before Request
2022-04-20 01:32:54,747 [INFO] app: After Request
2022-04-20 01:32:54,773 [INFO] app: Before Request
2022-04-20 01:32:54,863 [INFO] app: After Request
2022-04-20 01:32:54,891 [INFO] app: Before Request
2022-04-20 01:32:54,983 [INFO] app: After Request
2022-04-20 01:32:55,011 [INFO] app: Before Request
2022-04-20 01:32:55,101 [INFO] app: After Request
2022-04-20 01:32:55,129 [INFO] app: Before Request
2022-04-20 01:32:55,218 [INFO] app: After Request
2022-04-20 01:32:55,246 [INFO] app: Before Request
2022-04-20 01:32:55,334 [INFO] app: After Request
2022-04-20 01:32:55,362 [INFO] app: Before Request
2022-04-20 01:32:55,466 [INFO] app: After Request
2022-04-20 01:33:12,928 [INFO] app: Before Request
2022-04-20 01:33:12,982 [INFO] app: Browse page loading
2022-04-20 01:33:13,127 [INFO] app: After Request
2022-04-20 01:33:13,215 [INFO] app: Before Request
2022-04-20 01:33:16,927 [INFO] app: Before Request
2022-04-20 01:33:16,991 [INFO] app: After Request
2022-04-20 01:33:21,143 [INFO] app: Before Request
2022-04-20 01:33:21,225 [INFO] app: edited a user
2022-04-20 01:33:21,236 [INFO] app: After Request
2022-04-20 01:33:21,249 [INFO] app: Before Request
2022-04-20 01:33:21,280 [INFO] app: Browse page loading
2022-04-20 01:33:21,286 [INFO] app: After Request
2022-04-20 01:33:21,340 [INFO] app: Before Request
2022-04-20 01:34:52,216 [INFO] app: Before Request
2022-04-20 01:34:52,317 [INFO] app: After Request
2022-04-20 01:34:52,345 [INFO] app: Before Request
2022-04-20 01:34:52,348 [INFO] app: After Request
2022-04-20 01:34:52,353 [INFO] app: Before Request
2022-04-20 01:34:52,445 [INFO] app: After Request
2022-04-20 01:34:52,451 [INFO] app: Before Request
2022-04-20 01:34:52,463 [INFO] app: After Request
2022-04-20 01:34:52,539 [INFO] app: Before Request
2022-04-20 01:34:52,631 [INFO] app: After Request
2022-04-20 01:34:52,660 [INFO] app: Before Request
2022-04-20 01:34:52,754 [INFO] app: After Request
2022-04-20 01:34:52,780 [INFO] app: Before Request
2022-04-20 01:34:52,872 [INFO] app: After Request
2022-04-20 01:34:52,909 [INFO] app: Before Request
2022-04-20 01:34:53,002 [INFO] app: After Request
2022-04-20 01:34:53,029 [INFO] app: Before Request
2022-04-20 01:34:53,119 [INFO] app: After Request
2022-04-20 01:34:53,145 [INFO] app: Before Request
2022-04-20 01:34:53,235 [INFO] app: After Request
2022-04-20 01:34:53,264 [INFO] app: Before Request
2022-04-20 01:34:53,357 [INFO] app: After Request
2022-04-20 01:34:53,389 [INFO] app: Before Request
2022-04-20 01:34:53,485 [INFO] app: After Request
2022-04-20 01:35:13,081 [INFO] app: Before Request
2022-04-20 01:35:13,173 [INFO] app: After Request
2022-04-20 01:35:13,200 [INFO] app: Before Request
2022-04-20 01:35:13,203 [INFO] app: After Request
2022-04-20 01:35:13,208 [INFO] app: Before Request
2022-04-20 01:35:13,299 [INFO] app: After Request
2022-04-20 01:35:13,305 [INFO] app: Before Request
2022-04-20 01:35:13,314 [INFO] app: After Request
2022-04-20 01:35:13,389 [INFO] app: Before Request
2022-04-20 01:35:13,479 [INFO] app: After Request
2022-04-20 01:35:13,507 [INFO] app: Before Request
2022-04-20 01:35:13,594 [INFO] app: After Request
2022-04-20 01:35:13,622 [INFO] app: Before Request
2022-04-20 01:35:13,716 [INFO] app: After Request
2022-04-20 01:35:13,744 [INFO] app: Before Request
2022-04-20 01:35:13,870 [INFO] app: After Request
2022-04-20 01:35:13,896 [INFO] app: Before Request
2022-04-20 01:35:13,988 [INFO] app: After Request
2022-04-20 01:35:14,015 [INFO] app: Before Request
2022-04-20 01:35:14,102 [INFO] app: After Request
2022-04-20 01:35:14,130 [INFO] app: Before Request
2022-04-20 01:35:14,218 [INFO] app: After Request
2022-04-20 01:35:14,246 [INFO] app: Before Request
2022-04-20 01:35:14,334 [INFO] app: After Request
2022-04-20 01:36:38,391 [INFO] app: Before Request
2022-04-20 01:36:38,512 [INFO] app: After Request
2022-04-20 01:36:39,364 [INFO] app: Before Request
2022-04-20 01:36:39,407 [INFO] app: After Request
2022-04-20 01:36:49,821 [INFO] app: Before Request
2022-04-20 01:36:49,912 [INFO] app: After Request
2022-04-20 01:36:49,924 [INFO] app: Before Request
2022-04-20 01:36:49,937 [INFO] app: After Request
2022-04-20 01:37:03,498 [INFO] app: Before Request
2022-04-20 01:37:03,678 [INFO] app: After Request
2022-04-20 01:37:03,696 [INFO] app: Before Request
2022-04-20 01:37:03,722 [INFO] app: After Request
2022-04-20 01:38:31,671 [INFO] app: Before Request
2022-04-20 01:38:31,764 [INFO] app: After Request
2022-04-20 01:38:31,790 [INFO] app: Before Request
2022-04-20 01:38:31,794 [INFO] app: After Request
2022-04-20 01:38:31,800 [INFO] app: Before Request
2022-04-20 01:38:31,893 [INFO] app: After Request
2022-04-20 01:38:31,898 [INFO] app: Before Request
2022-04-20 01:38:31,909 [INFO] app: After Request
2022-04-20 01:38:32,024 [INFO] app: Before Request
2022-04-20 01:38:32,114 [INFO] app: After Request
2022-04-20 01:38:32,139 [INFO] app: Before Request
2022-04-20 01:38:32,236 [INFO] app: After Request
2022-04-20 01:38:32,264 [INFO] app: Before Request
2022-04-20 01:38:32,354 [INFO] app: After Request
2022-04-20 01:38:32,384 [INFO] app: Before Request
2022-04-20 01:38:32,479 [INFO] app: After Request
2022-04-20 01:38:32,506 [INFO] app: Before Request
2022-04-20 01:38:32,595 [INFO] app: After Request
2022-04-20 01:38:32,622 [INFO] app: Before Request
2022-04-20 01:38:32,714 [INFO] app: After Request
2022-04-20 01:38:32,743 [INFO] app: Before Request
2022-04-20 01:38:32,831 [INFO] app: After Request
2022-04-20 01:38:32,859 [INFO] app: Before Request
2022-04-20 01:38:32,949 [INFO] app: After Request
2022-04-20 01:38:41,277 [INFO] app: Before Request
2022-04-20 01:38:41,379 [INFO] app: After Request
2022-04-20 01:38:41,415 [INFO] app: Before Request
2022-04-20 01:38:41,421 [INFO] app: After Request
2022-04-20 01:38:41,428 [INFO] app: Before Request
2022-04-20 01:38:41,524 [INFO] app: After Request
2022-04-20 01:38:41,532 [INFO] app: Before Request
2022-04-20 01:38:41,542 [INFO] app: After Request
2022-04-20 01:38:41,621 [INFO] app: Before Request
2022-04-20 01:38:41,716 [INFO] app: After Request
2022-04-20 01:38:41,744 [INFO] app: Before Request
2022-04-20 01:38:41,835 [INFO] app: After Request
2022-04-20 01:38:41,862 [INFO] app: Before Request
2022-04-20 01:38:41,953 [INFO] app: After Request
2022-04-20 01:38:41,981 [INFO] app: Before Request
2022-04-20 01:38:42,073 [INFO] app: After Request
2022-04-20 01:38:42,100 [INFO] app: Before Request
2022-04-20 01:38:42,191 [INFO] app: After Request
2022-04-20 01:38:42,220 [INFO] app: Before Request
2022-04-20 01:38:42,320 [INFO] app: After Request
2022-04-20 01:38:42,346 [INFO] app: Before Request
2022-04-20 01:38:42,434 [INFO] app: After Request
2022-04-20 01:38:42,463 [INFO] app: Before Request
2022-04-20 01:38:42,554 [INFO] app: After Request
2022-04-20 01:39:07,242 [INFO] app: Before Request
2022-04-20 01:39:07,336 [INFO] app: After Request
2022-04-20 01:39:07,366 [INFO] app: Before Request
2022-04-20 01:39:07,369 [INFO] app: After Request
2022-04-20 01:39:07,375 [INFO] app: Before Request
2022-04-20 01:39:07,464 [INFO] app: After Request
2022-04-20 01:39:07,470 [INFO] app: Before Request
2022-04-20 01:39:07,482 [INFO] app: After Request
2022-04-20 01:39:07,601 [INFO] app: Before Request
2022-04-20 01:39:07,689 [INFO] app: After Request
2022-04-20 01:39:07,715 [INFO] app: Before Request
2022-04-20 01:39:07,809 [INFO] app: After Request
2022-04-20 01:39:07,839 [INFO] app: Before Request
2022-04-20 01:39:07,929 [INFO] app: After Request
2022-04-20 01:39:07,956 [INFO] app: Before Request
2022-04-20 01:39:08,047 [INFO] app: After Request
2022-04-20 01:39:08,075 [INFO] app: Before Request
2022-04-20 01:39:08,168 [INFO] app: After Request
2022-04-20 01:39:08,194 [INFO] app: Before Request
2022-04-20 01:39:08,284 [INFO] app: After Request
2022-04-20 01:39:08,315 [INFO] app: Before Request
2022-04-20 01:39:08,403 [INFO] app: After Request
2022-04-20 01:39:08,431 [INFO] app: Before Request
2022-04-20 01:39:08,532 [INFO] app: After Request
2022-04-20 01:39:15,188 [INFO] app: Before Request
2022-04-20 01:39:15,281 [INFO] app: After Request
2022-04-20 01:39:15,312 [INFO] app: Before Request
2022-04-20 01:39:15,316 [INFO] app: After Request
2022-04-20 01:39:15,322 [INFO] app: Before Request
2022-04-20 01:39:15,412 [INFO] app: After Request
2022-04-20 01:39:15,417 [INFO] app: Before Request
2022-04-20 01:39:15,428 [INFO] app: After Request
2022-04-20 01:39:15,511 [INFO] app: Before Request
2022-04-20 01:39:15,600 [INFO] app: After Request
2022-04-20 01:39:15,625 [INFO] app: Before Request
2022-04-20 01:39:15,716 [INFO] app: After Request
2022-04-20 01:39:15,743 [INFO] app: Before Request
2022-04-20 01:39:15,833 [INFO] app: After Request
2022-04-20 01:39:15,862 [INFO] app: Before Request
2022-04-20 01:39:15,952 [INFO] app: After Request
2022-04-20 01:39:15,978 [INFO] app: Before Request
2022-04-20 01:39:16,067 [INFO] app: After Request
2022-04-20 01:39:16,095 [INFO] app: Before Request
2022-04-20 01:39:16,186 [INFO] app: After Request
2022-04-20 01:39:16,213 [INFO] app: Before Request
2022-04-20 01:39:16,302 [INFO] app: After Request
2022-04-20 01:39:16,332 [INFO] app: Before Request
2022-04-20 01:39:16,421 [INFO] app: After Request
2022-04-20 01:44:57,594 [INFO] app: Before Request
2022-04-20 01:44:57,683 [INFO] app: After Request
2022-04-20 02:23:22,335 [INFO] app: Before Request
2022-04-20 02:23:22,415 [INFO] app: Browse page loading
2022-04-20 02:23:22,454 [INFO] app: After Request
2022-04-20 02:23:22,532 [INFO] app: Before Request
2022-04-20 02:23:23,353 [INFO] app: Before Request
2022-04-20 02:23:23,400 [INFO] app: After Request
2022-04-20 02:23:24,092 [INFO] app: Before Request
2022-04-20 02:23:24,148 [INFO] app: After Request
2022-04-20 02:23:26,952 [INFO] app: Before Request
2022-04-20 02:23:27,012 [INFO] app: After Request
2022-04-20 02:23:30,026 [INFO] app: Before Request
2022-04-20 02:23:30,071 [INFO] app: After Request
2022-04-20 02:23:30,086 [INFO] app: Before Request
2022-04-20 02:23:30,108 [INFO] app: After Request
2022-04-20 02:23:33,140 [INFO] app: Before Request
2022-04-20 02:23:33,173 [INFO] app: After Request
2022-04-20 02:23:48,206 [INFO] app: Before Request
2022-04-20 02:23:48,289 [INFO] app: After Request
2022-04-20 02:23:48,298 [INFO] app: Before Request
2022-04-20 02:23:48,311 [INFO] app: After Request
2022-04-20 02:23:51,348 [INFO] app: Before Request
2022-04-20 02:23:51,424 [INFO] app: After Request
2022-04-20 02:23:51,433 [INFO] app: Before Request
2022-04-20 02:23:51,441 [INFO] app: After Request
2022-04-20 02:23:59,817 [INFO] app: Before Request
2022-04-20 02:23:59,986 [INFO] app: After Request
2022-04-20 02:24:00,020 [INFO] app: Before Request
2022-04-20 02:24:00,047 [INFO] app: After Request
2022-04-20 02:36:08,765 [INFO] app: Before Request
2022-04-20 02:36:08,830 [INFO] app: After Request
2022-04-20 02:36:08,847 [INFO] app: Before Request
2022-04-20 02:36:08,849 [INFO] app: After Request
2022-04-20 02:36:08,852 [INFO] app: Before Request
2022-04-20 02:36:08,914 [INFO] app: After Request
2022-04-20 02:36:08,918 [INFO] app: Before Request
2022-04-20 02:36:08,925 [INFO] app: After Request
2022-04-20 02:36:08,981 [INFO] app: Before Request
2022-04-20 02:36:09,037 [INFO] app: After Request
2022-04-20 02:36:09,064 [INFO] app: Before Request
2022-04-20 02:36:09,123 [INFO] app: After Request
2022-04-20 02:36:09,140 [INFO] app: Before Request
2022-04-20 02:36:09,201 [INFO] app: After Request
2022-04-20 02:36:09,223 [INFO] app: Before Request
2022-04-20 02:36:09,282 [INFO] app: After Request
2022-04-20 02:36:09,299 [INFO] app: Before Request
2022-04-20 02:36:09,358 [INFO] app: After Request
2022-04-20 02:36:09,375 [INFO] app: Before Request
2022-04-20 02:36:09,431 [INFO] app: After Request
2022-04-20 02:36:09,452 [INFO] app: Before Request
2022-04-20 02:36:09,508 [INFO] app: After Request
2022-04-20 02:36:09,526 [INFO] app: Before Request
2022-04-20 02:36:09,581 [INFO] app: After Request
2022-04-20 02:40:27,843 [INFO] app: Before Request
2022-04-20 02:40:27,888 [INFO] app: Browse page loading
2022-04-20 02:40:27,979 [INFO] app: After Request
2022-04-20 02:40:28,041 [INFO] app: Before Request
2022-04-20 02:40:29,126 [INFO] app: Before Request
2022-04-20 02:40:29,169 [INFO] app: After Request
2022-04-20 02:40:29,994 [INFO] app: Before Request
2022-04-20 02:40:30,043 [INFO] app: After Request
2022-04-20 02:49:00,189 [INFO] app: Before Request
2022-04-20 02:49:00,250 [INFO] app: After Request
2022-04-20 02:49:00,275 [INFO] app: Before Request
2022-04-20 02:49:00,282 [INFO] app: After Request
2022-04-20 02:49:00,286 [INFO] app: Before Request
2022-04-20 02:49:00,345 [INFO] app: After Request
2022-04-20 02:49:00,350 [INFO] app: Before Request
2022-04-20 02:49:00,358 [INFO] app: After Request
2022-04-20 02:49:00,409 [INFO] app: Before Request
2022-04-20 02:49:00,467 [INFO] app: After Request
2022-04-20 02:49:00,486 [INFO] app: Before Request
2022-04-20 02:49:00,544 [INFO] app: After Request
2022-04-20 02:49:00,563 [INFO] app: Before Request
2022-04-20 02:49:00,623 [INFO] app: After Request
2022-04-20 02:49:00,644 [INFO] app: Before Request
2022-04-20 02:49:00,701 [INFO] app: After Request
2022-04-20 02:49:00,721 [INFO] app: Before Request
2022-04-20 02:49:00,779 [INFO] app: After Request
2022-04-20 02:49:00,800 [INFO] app: Before Request
2022-04-20 02:49:00,856 [INFO] app: After Request
2022-04-20 02:49:00,876 [INFO] app: Before Request
2022-04-20 02:49:00,931 [INFO] app: After Request
2022-04-20 02:49:00,951 [INFO] app: Before Request
2022-04-20 02:49:01,005 [INFO] app: After Request
2022-04-20 02:55:31,637 [INFO] mydebug: debug run
2022-04-20 02:55:31,638 [INFO] app: Before Request
2022-04-20 02:55:31,700 [INFO] app: After Request
2022-04-20 02:55:31,717 [INFO] mydebug: debug run
2022-04-20 02:55:31,718 [INFO] app: Before Request
2022-04-20 02:55:31,722 [INFO] app: After Request
2022-04-20 02:55:31,725 [INFO] app: Before Request
2022-04-20 02:55:31,785 [INFO] app: After Request
2022-04-20 02:55:31,789 [INFO] app: Before Request
2022-04-20 02:55:31,796 [INFO] app: After Request
2022-04-20 02:55:31,847 [INFO] mydebug: debug run
2022-04-20 02:55:31,847 [INFO] app: Before Request
2022-04-20 02:55:31,906 [INFO] app: After Request
2022-04-20 02:55:31,927 [INFO] mydebug: debug run
2022-04-20 02:55:31,927 [INFO] app: Before Request
2022-04-20 02:55:31,985 [INFO] app: After Request
2022-04-20 02:55:32,005 [INFO] mydebug: debug run
2022-04-20 02:55:32,006 [INFO] app: Before Request
2022-04-20 02:55:32,063 [INFO] app: After Request
2022-04-20 02:55:32,081 [INFO] mydebug: debug run
2022-04-20 02:55:32,082 [INFO] app: Before Request
2022-04-20 02:55:32,141 [INFO] app: After Request
2022-04-20 02:55:32,158 [INFO] mydebug: debug run
2022-04-20 02:55:32,159 [INFO] app: Before Request
2022-04-20 02:55:32,216 [INFO] app: After Request
2022-04-20 02:55:32,234 [INFO] mydebug: debug run
2022-04-20 02:55:32,235 [INFO] app: Before Request
2022-04-20 02:55:32,292 [INFO] app: After Request
2022-04-20 02:55:32,311 [INFO] mydebug: debug run
2022-04-20 02:55:32,312 [INFO] app: Before Request
2022-04-20 02:55:32,368 [INFO] app: After Request
2022-04-20 02:55:32,385 [INFO] mydebug: debug run
2022-04-20 02:55:32,386 [INFO] app: Before Request
2022-04-20 02:55:32,445 [INFO] app: After Request
2022-04-20 02:55:58,348 [INFO] mydebug: debug run
2022-04-20 02:55:58,349 [INFO] app: Before Request
2022-04-20 02:55:58,406 [INFO] app: After Request
2022-04-20 02:55:58,407 [INFO] debugg: My App Debug
2022-04-20 02:55:58,423 [INFO] mydebug: debug run
2022-04-20 02:55:58,424 [INFO] app: Before Request
2022-04-20 02:55:58,427 [INFO] app: After Request
2022-04-20 02:55:58,429 [INFO] debugg: My App Debug
2022-04-20 02:55:58,431 [INFO] app: Before Request
2022-04-20 02:55:58,487 [INFO] app: After Request
2022-04-20 02:55:58,489 [INFO] debugg: My App Debug
2022-04-20 02:55:58,492 [INFO] app: Before Request
2022-04-20 02:55:58,499 [INFO] app: After Request
2022-04-20 02:55:58,501 [INFO] debugg: My App Debug
2022-04-20 02:55:58,547 [INFO] mydebug: debug run
2022-04-20 02:55:58,549 [INFO] app: Before Request
2022-04-20 02:55:58,605 [INFO] app: After Request
2022-04-20 02:55:58,607 [INFO] debugg: My App Debug
2022-04-20 02:55:58,623 [INFO] mydebug: debug run
2022-04-20 02:55:58,624 [INFO] app: Before Request
2022-04-20 02:55:58,683 [INFO] app: After Request
2022-04-20 02:55:58,685 [INFO] debugg: My App Debug
2022-04-20 02:55:58,701 [INFO] mydebug: debug run
2022-04-20 02:55:58,701 [INFO] app: Before Request
2022-04-20 02:55:58,761 [INFO] app: After Request
2022-04-20 02:55:58,762 [INFO] debugg: My App Debug
2022-04-20 02:55:58,777 [INFO] mydebug: debug run
2022-04-20 02:55:58,778 [INFO] app: Before Request
2022-04-20 02:55:58,838 [INFO] app: After Request
2022-04-20 02:55:58,840 [INFO] debugg: My App Debug
2022-04-20 02:55:58,854 [INFO] mydebug: debug run
2022-04-20 02:55:58,855 [INFO] app: Before Request
2022-04-20 02:55:58,913 [INFO] app: After Request
2022-04-20 02:55:58,914 [INFO] debugg: My App Debug
2022-04-20 02:55:58,929 [INFO] mydebug: debug run
2022-04-20 02:55:58,929 [INFO] app: Before Request
2022-04-20 02:55:58,985 [INFO] app: After Request
2022-04-20 02:55:58,987 [INFO] debugg: My App Debug
2022-04-20 02:55:59,004 [INFO] mydebug: debug run
2022-04-20 02:55:59,004 [INFO] app: Before Request
2022-04-20 02:55:59,065 [INFO] app: After Request
2022-04-20 02:55:59,068 [INFO] debugg: My App Debug
2022-04-20 02:55:59,084 [INFO] mydebug: debug run
2022-04-20 02:55:59,085 [INFO] app: Before Request
2022-04-20 02:55:59,143 [INFO] app: After Request
2022-04-20 02:55:59,145 [INFO] debugg: My App Debug
2022-04-20 02:57:33,695 [INFO] mydebug: debug run
2022-04-20 02:57:33,697 [INFO] app: Before Request
2022-04-20 02:57:33,797 [INFO] app: After Request
2022-04-20 02:57:34,418 [INFO] app: Before Request
2022-04-20 02:57:34,463 [INFO] app: Browse page loading
2022-04-20 02:57:34,508 [INFO] app: After Request
2022-04-20 02:57:34,545 [INFO] app: Before Request
2022-04-20 02:57:35,099 [INFO] app: Before Request
2022-04-20 02:57:35,143 [INFO] app: After Request
2022-04-20 02:57:35,921 [INFO] app: Before Request
2022-04-20 02:57:35,974 [INFO] app: After Request
2022-04-20 03:01:56,818 [INFO] mydebug: debug run
2022-04-20 03:01:56,818 [INFO] app: Before Request
2022-04-20 03:01:56,877 [INFO] app: After Request
2022-04-20 03:01:56,894 [INFO] mydebug: debug run
2022-04-20 03:01:56,895 [INFO] app: Before Request
2022-04-20 03:01:56,898 [INFO] app: After Request
2022-04-20 03:01:56,901 [INFO] app: Before Request
2022-04-20 03:01:56,960 [INFO] app: After Request
2022-04-20 03:01:56,964 [INFO] app: Before Request
2022-04-20 03:01:56,973 [INFO] app: After Request
2022-04-20 03:01:57,020 [INFO] mydebug: debug run
2022-04-20 03:01:57,020 [INFO] app: Before Request
2022-04-20 03:01:57,080 [INFO] app: After Request
2022-04-20 03:01:57,098 [INFO] mydebug: debug run
2022-04-20 03:01:57,099 [INFO] app: Before Request
2022-04-20 03:01:57,156 [INFO] app: After Request
2022-04-20 03:01:57,175 [INFO] mydebug: debug run
2022-04-20 03:01:57,176 [INFO] app: Before Request
2022-04-20 03:01:57,233 [INFO] app: After Request
2022-04-20 03:01:57,250 [INFO] mydebug: debug run
2022-04-20 03:01:57,251 [INFO] app: Before Request
2022-04-20 03:01:57,308 [INFO] app: After Request
2022-04-20 03:01:57,327 [INFO] mydebug: debug run
2022-04-20 03:01:57,328 [INFO] app: Before Request
2022-04-20 03:01:57,383 [INFO] app: After Request
2022-04-20 03:01:57,402 [INFO] mydebug: debug run
2022-04-20 03:01:57,402 [INFO] app: Before Request
2022-04-20 03:01:57,458 [INFO] app: After Request
2022-04-20 03:01:57,477 [INFO] mydebug: debug run
2022-04-20 03:01:57,478 [INFO] app: Before Request
2022-04-20 03:01:57,534 [INFO] app: After Request
2022-04-20 03:01:57,552 [INFO] mydebug: debug run
2022-04-20 03:01:57,553 [INFO] app: Before Request
2022-04-20 03:01:57,617 [INFO] app: After Request
2022-04-20 03:03:16,877 [INFO] mydebug: debug run
2022-04-20 03:03:16,878 [INFO] app: Before Request
2022-04-20 03:03:16,937 [INFO] app: After Request
2022-04-20 03:03:16,954 [INFO] mydebug: debug run
2022-04-20 03:03:16,955 [INFO] app: Before Request
2022-04-20 03:03:16,958 [INFO] app: After Request
2022-04-20 03:03:16,962 [INFO] app: Before Request
2022-04-20 03:03:17,026 [INFO] app: After Request
2022-04-20 03:03:17,036 [INFO] app: Before Request
2022-04-20 03:03:17,044 [INFO] app: After Request
2022-04-20 03:03:17,117 [INFO] mydebug: debug run
2022-04-20 03:03:17,118 [INFO] app: Before Request
2022-04-20 03:03:17,174 [INFO] app: After Request
2022-04-20 03:03:17,195 [INFO] mydebug: debug run
2022-04-20 03:03:17,196 [INFO] app: Before Request
2022-04-20 03:03:17,253 [INFO] app: After Request
2022-04-20 03:03:17,270 [INFO] mydebug: debug run
2022-04-20 03:03:17,271 [INFO] app: Before Request
2022-04-20 03:03:17,327 [INFO] app: After Request
2022-04-20 03:03:17,345 [INFO] mydebug: debug run
2022-04-20 03:03:17,346 [INFO] app: Before Request
2022-04-20 03:03:17,404 [INFO] app: After Request
2022-04-20 03:03:17,423 [INFO] mydebug: debug run
2022-04-20 03:03:17,424 [INFO] app: Before Request
2022-04-20 03:03:17,481 [INFO] app: After Request
2022-04-20 03:03:17,499 [INFO] mydebug: debug run
2022-04-20 03:03:17,500 [INFO] app: Before Request
2022-04-20 03:03:17,557 [INFO] app: After Request
2022-04-20 03:03:17,573 [INFO] mydebug: debug run
2022-04-20 03:03:17,574 [INFO] app: Before Request
2022-04-20 03:03:17,630 [INFO] app: After Request
2022-04-20 03:03:17,649 [INFO] mydebug: debug run
2022-04-20 03:03:17,650 [INFO] app: Before Request
2022-04-20 03:03:17,708 [INFO] app: After Request
2022-04-20 03:03:41,096 [INFO] mydebug: debug run
2022-04-20 03:03:41,097 [INFO] app: Before Request
2022-04-20 03:03:41,158 [INFO] app: After Request
2022-04-20 03:03:41,177 [INFO] mydebug: debug run
2022-04-20 03:03:41,177 [INFO] app: Before Request
2022-04-20 03:03:41,180 [INFO] app: After Request
2022-04-20 03:03:41,184 [INFO] app: Before Request
2022-04-20 03:03:41,240 [INFO] app: After Request
2022-04-20 03:03:41,245 [INFO] app: Before Request
2022-04-20 03:03:41,253 [INFO] app: After Request
2022-04-20 03:03:41,300 [INFO] mydebug: debug run
2022-04-20 03:03:41,300 [INFO] app: Before Request
2022-04-20 03:03:41,365 [INFO] app: After Request
2022-04-20 03:03:41,383 [INFO] mydebug: debug run
2022-04-20 03:03:41,384 [INFO] app: Before Request
2022-04-20 03:03:41,439 [INFO] app: After Request
2022-04-20 03:03:41,460 [INFO] mydebug: debug run
2022-04-20 03:03:41,460 [INFO] app: Before Request
2022-04-20 03:03:41,517 [INFO] app: After Request
2022-04-20 03:03:41,535 [INFO] mydebug: debug run
2022-04-20 03:03:41,536 [INFO] app: Before Request
2022-04-20 03:03:41,594 [INFO] app: After Request
2022-04-20 03:03:41,612 [INFO] mydebug: debug run
2022-04-20 03:03:41,613 [INFO] app: Before Request
2022-04-20 03:03:41,671 [INFO] app: After Request
2022-04-20 03:03:41,689 [INFO] mydebug: debug run
2022-04-20 03:03:41,689 [INFO] app: Before Request
2022-04-20 03:03:41,748 [INFO] app: After Request
2022-04-20 03:03:41,765 [INFO] mydebug: debug run
2022-04-20 03:03:41,766 [INFO] app: Before Request
2022-04-20 03:03:41,824 [INFO] app: After Request
2022-04-20 03:03:41,840 [INFO] mydebug: debug run
2022-04-20 03:03:41,841 [INFO] app: Before Request
2022-04-20 03:03:41,899 [INFO] app: After Request
2022-04-20 03:10:02,523 [INFO] mydebug: debug run
2022-04-20 03:10:02,526 [INFO] app: Before Request
2022-04-20 03:10:02,573 [INFO] app: Browse page loading
2022-04-20 03:10:02,662 [INFO] app: After Request
2022-04-20 03:10:02,712 [INFO] app: Before Request
2022-04-20 04:38:38,776 [INFO] mydebug: debug run
2022-04-20 04:38:38,778 [INFO] app: Before Request
2022-04-20 04:38:38,877 [INFO] app: After Request
2022-04-20 04:38:38,904 [INFO] mydebug: debug run
2022-04-20 04:38:38,905 [INFO] app: Before Request
2022-04-20 04:38:38,909 [INFO] app: After Request
2022-04-20 04:38:38,915 [INFO] app: Before Request
2022-04-20 04:38:39,011 [INFO] app: After Request
2022-04-20 04:38:39,020 [INFO] app: Before Request
2022-04-20 04:38:39,032 [INFO] app: After Request
2022-04-20 04:38:39,108 [INFO] mydebug: debug run
2022-04-20 04:38:39,109 [INFO] app: Before Request
2022-04-20 04:38:39,208 [INFO] app: After Request
2022-04-20 04:38:39,236 [INFO] mydebug: debug run
2022-04-20 04:38:39,237 [INFO] app: Before Request
2022-04-20 04:38:39,328 [INFO] app: After Request
2022-04-20 04:38:39,356 [INFO] mydebug: debug run
2022-04-20 04:38:39,357 [INFO] app: Before Request
2022-04-20 04:38:39,452 [INFO] app: After Request
2022-04-20 04:38:39,480 [INFO] mydebug: debug run
2022-04-20 04:38:39,481 [INFO] app: Before Request
2022-04-20 04:38:39,608 [INFO] app: After Request
2022-04-20 04:38:39,643 [INFO] mydebug: debug run
2022-04-20 04:38:39,644 [INFO] app: Before Request
2022-04-20 04:38:39,738 [INFO] app: After Request
2022-04-20 04:38:39,765 [INFO] mydebug: debug run
2022-04-20 04:38:39,767 [INFO] app: Before Request
2022-04-20 04:38:39,856 [INFO] app: After Request
2022-04-20 04:38:39,886 [INFO] mydebug: debug run
2022-04-20 04:38:39,887 [INFO] app: Before Request
2022-04-20 04:38:39,980 [INFO] app: After Request
2022-04-20 04:38:40,005 [INFO] mydebug: debug run
2022-04-20 04:38:40,006 [INFO] app: Before Request
2022-04-20 04:38:40,097 [INFO] app: After Request
2022-04-20 06:12:28,175 [INFO] mydebug: debug run
2022-04-20 06:12:28,179 [INFO] app: Before Request
2022-04-20 06:12:28,321 [INFO] app: After Request
2022-04-20 17:24:55,963 [INFO] app: Before Request
2022-04-20 17:24:56,059 [INFO] app: After Request
2022-04-20 17:27:11,307 [INFO] app: Before Request
2022-04-20 17:27:11,336 [INFO] app: After Request
2022-04-20 17:43:33,139 [INFO] app: Before Request
2022-04-20 17:43:33,167 [INFO] app: After Request
2022-04-20 17:45:09,051 [INFO] app: Before Request
2022-04-20 17:45:09,072 [INFO] app: After Request
2022-04-20 17:45:12,064 [INFO] app: Before Request
2022-04-20 17:45:12,083 [INFO] app: After Request
2022-04-20 17:45:44,931 [INFO] app: Before Request
2022-04-20 17:45:44,947 [INFO] app: After Request
2022-04-21 02:57:53,718 [INFO] app: Before Request
2022-04-21 02:57:53,721 [INFO] app: Before Request
2022-04-21 02:57:53,724 [INFO] app: Before Request
2022-04-21 02:57:53,738 [INFO] app: After Request
2022-04-21 02:57:53,743 [INFO] app: After Request
2022-04-21 02:57:53,763 [INFO] app: After Request
2022-04-21 04:00:30,644 [INFO] app: Before Request
2022-04-21 04:00:30,776 [INFO] app: After Request
2022-04-21 04:00:30,802 [INFO] app: Before Request
2022-04-21 04:00:30,810 [INFO] app: After Request
2022-04-21 04:00:31,291 [INFO] app: Before Request
2022-04-21 04:00:31,304 [INFO] app: After Request
2022-04-21 04:00:31,489 [INFO] app: Before Request
2022-04-21 04:00:31,507 [INFO] app: After Request
2022-04-21 04:00:31,920 [INFO] app: Before Request
2022-04-21 04:00:31,934 [INFO] app: After Request
2022-04-21 04:00:32,498 [INFO] app: Before Request
2022-04-21 04:00:32,512 [INFO] app: After Request
2022-04-21 04:00:35,796 [INFO] app: Before Request
2022-04-21 04:00:35,813 [INFO] app: After Request
2022-04-21 04:00:37,421 [INFO] app: Before Request
2022-04-21 04:00:37,442 [INFO] app: After Request
2022-04-21 04:04:00,698 [INFO] app: Before Request
2022-04-21 04:04:00,720 [INFO] app: After Request
2022-04-21 04:04:18,848 [INFO] app: Before Request
2022-04-21 04:04:18,865 [INFO] app: After Request
2022-04-21 04:06:38,510 [INFO] app: Before Request
2022-04-21 04:06:38,536 [INFO] app: After Request
2022-04-21 04:08:42,745 [INFO] app: Before Request
2022-04-21 04:08:42,827 [INFO] app: After Request
2022-04-21 04:15:18,127 [INFO] app: Before Request
2022-04-21 04:15:18,163 [INFO] app: After Request
2022-04-21 04:20:43,472 [INFO] app: Before Request
2022-04-21 04:20:43,498 [INFO] app: After Request
2022-04-21 04:30:47,077 [INFO] app: Before Request
2022-04-21 04:30:47,108 [INFO] app: After Request
2022-04-21 04:31:00,465 [INFO] app: Before Request
2022-04-21 04:31:00,487 [INFO] app: After Request
2022-04-21 04:31:01,441 [INFO] app: Before Request
2022-04-21 04:31:01,458 [INFO] app: After Request
2022-04-21 04:31:03,660 [INFO] app: Before Request
2022-04-21 04:31:03,683 [INFO] app: After Request
2022-04-21 04:37:56,721 [INFO] app: Before Request
2022-04-21 04:37:56,755 [INFO] app: After Request
2022-04-21 04:38:19,326 [INFO] app: Before Request
2022-04-21 04:38:19,358 [INFO] app: After Request
2022-04-21 04:50:44,229 [INFO] app: Before Request
2022-04-21 04:50:44,337 [INFO] app: After Request
2022-04-21 04:57:56,343 [INFO] app: Before Request
2022-04-21 04:57:56,374 [INFO] app: After Request
2022-04-21 04:57:57,792 [INFO] app: Before Request
2022-04-21 04:57:57,807 [INFO] app: After Request
2022-04-21 04:58:31,240 [INFO] app: Before Request
2022-04-21 04:58:31,269 [INFO] app: After Request
2022-04-21 05:07:23,130 [INFO] app: Before Request
2022-04-21 05:07:23,155 [INFO] app: After Request
2022-04-21 05:07:30,584 [INFO] app: Before Request
2022-04-21 05:07:30,596 [INFO] app: After Request
2022-04-21 05:07:30,702 [INFO] app: Before Request
2022-04-21 05:07:30,717 [INFO] app: After Request
2022-04-21 05:07:31,934 [INFO] app: Before Request
2022-04-21 05:07:31,951 [INFO] app: After Request
2022-04-21 06:26:41,897 [INFO] app: Before Request
2022-04-21 06:26:41,951 [INFO] app: After Request
2022-04-21 17:30:50,452 [INFO] app: Before Request
2022-04-21 17:30:50,485 [INFO] app: After Request
2022-04-21 17:30:58,752 [INFO] app: Before Request
2022-04-21 17:30:58,777 [INFO] app: After Request
2022-04-21 17:30:59,032 [INFO] app: Before Request
2022-04-21 17:30:59,057 [INFO] app: After Request
2022-04-21 17:31:04,189 [INFO] app: Before Request
2022-04-21 17:31:04,208 [INFO] app: After Request
2022-04-21 17:31:18,174 [INFO] app: Before Request
2022-04-21 17:31:18,193 [INFO] app: After Request
2022-04-21 17:31:23,981 [INFO] app: Before Request
2022-04-21 17:31:24,005 [INFO] app: After Request
2022-04-21 17:31:24,086 [INFO] app: Before Request
2022-04-21 17:31:24,095 [INFO] app: After Request
2022-04-21 17:31:24,127 [INFO] app: Before Request
2022-04-21 17:31:24,134 [INFO] app: After Request
2022-04-21 17:31:24,473 [INFO] app: Before Request
2022-04-21 17:31:24,487 [INFO] app: After Request
2022-04-21 17:31:24,616 [INFO] app: Before Request
2022-04-21 17:31:24,632 [INFO] app: After Request
2022-04-21 17:48:15,938 [INFO] app: Before Request
2022-04-21 17:48:15,962 [INFO] app: After Request
2022-04-21 17:48:15,986 [INFO] app: Before Request
2022-04-21 17:48:16,001 [INFO] app: After Request
2022-04-21 17:48:18,323 [INFO] app: Before Request
2022-04-21 17:48:18,346 [INFO] app: After Request
2022-04-21 17:48:21,315 [INFO] app: Before Request
2022-04-21 17:48:21,331 [INFO] app: After Request
2022-04-21 21:29:34,426 [INFO] app: Before Request
2022-04-21 21:29:34,455 [INFO] app: After Request
2022-04-21 22:16:35,107 [INFO] app: Before Request
2022-04-21 22:16:35,148 [INFO] app: After Request
2022-04-21 22:16:41,171 [INFO] app: Before Request
2022-04-21 22:16:41,194 [INFO] app: After Request
2022-04-21 22:17:01,966 [INFO] app: Before Request
2022-04-21 22:17:01,996 [INFO] app: After Request
2022-04-21 22:17:02,030 [INFO] app: Before Request
2022-04-21 22:17:02,038 [INFO] app: After Request
2022-04-21 22:17:02,581 [INFO] app: Before Request
2022-04-21 22:17:02,598 [INFO] app: After Request
2022-04-21 22:17:02,688 [INFO] app: Before Request
2022-04-21 22:17:02,706 [INFO] app: After Request
2022-04-21 22:17:03,091 [INFO] app: Before Request
2022-04-21 22:17:03,108 [INFO] app: After Request
2022-04-21 22:17:31,491 [INFO] app: Before Request
2022-04-21 22:17:31,525 [INFO] app: After Request
2022-04-21 22:17:32,173 [INFO] app: Before Request
2022-04-21 22:17:32,198 [INFO] app: After Request
2022-04-21 22:30:39,996 [INFO] app: Before Request
2022-04-21 22:30:40,048 [INFO] app: After Request
2022-04-21 22:42:07,857 [INFO] app: Before Request
2022-04-21 22:42:07,895 [INFO] app: After Request
2022-04-21 22:45:52,717 [INFO] app: Before Request
2022-04-21 22:45:52,824 [INFO] app: After Request
2022-04-21 22:46:47,163 [INFO] app: Before Request
2022-04-21 22:46:47,183 [INFO] app: After Request
2022-04-21 22:46:55,726 [INFO] app: Before Request
2022-04-21 22:46:55,748 [INFO] app: After Request
2022-04-21 22:51:36,867 [INFO] app: Before Request
2022-04-21 22:51:36,893 [INFO] app: After Request
2022-04-21 22:51:36,912 [INFO] app: Before Request
2022-04-21 22:51:36,920 [INFO] app: After Request
2022-04-21 22:51:37,157 [INFO] app: Before Request
2022-04-21 22:51:37,178 [INFO] app: After Request
2022-04-21 22:51:37,503 [INFO] app: Before Request
2022-04-21 22:51:37,518 [INFO] app: After Request
2022-04-21 22:51:37,601 [INFO] app: Before Request
2022-04-21 22:51:37,615 [INFO] app: After Request
2022-04-21 23:13:06,658 [INFO] app: Before Request
2022-04-21 23:13:06,703 [INFO] app: After Request
2022-04-21 23:13:06,732 [INFO] app: Before Request
2022-04-21 23:13:06,740 [INFO] app: After Request
2022-04-21 23:13:07,545 [INFO] app: Before Request
2022-04-21 23:13:07,561 [INFO] app: After Request
2022-04-21 23:18:47,884 [INFO] app: Before Request
2022-04-21 23:18:48,017 [INFO] app: After Request
2022-04-21 23:18:53,773 [INFO] app: Before Request
2022-04-21 23:18:53,790 [INFO] app: After Request
2022-04-21 23:18:57,348 [INFO] app: Before Request
2022-04-21 23:18:57,362 [INFO] app: After Request
2022-04-21 23:23:46,334 [INFO] app: Before Request
2022-04-21 23:23:46,363 [INFO] app: After Request
2022-04-21 23:24:09,334 [INFO] app: Before Request
2022-04-21 23:24:09,357 [INFO] app: After Request
2022-04-21 23:24:09,672 [INFO] app: Before Request
2022-04-21 23:24:09,689 [INFO] app: After Request
2022-04-21 23:24:09,992 [INFO] app: Before Request
2022-04-21 23:24:10,011 [INFO] app: After Request
2022-04-21 23:24:10,333 [INFO] app: Before Request
2022-04-21 23:24:10,349 [INFO] app: After Request
2022-04-21 23:26:46,613 [INFO] app: Before Request
2022-04-21 23:26:46,644 [INFO] app: After Request
2022-04-21 23:28:25,988 [INFO] app: Before Request
2022-04-21 23:28:26,083 [INFO] app: After Request
2022-04-21 23:28:26,162 [INFO] app: Before Request
2022-04-21 23:28:26,171 [INFO] app: After Request
2022-04-21 23:29:09,283 [INFO] app: Before Request
2022-04-21 23:29:09,312 [INFO] app: After Request
2022-04-21 23:34:00,609 [INFO] app: Before Request
2022-04-21 23:34:00,631 [INFO] app: After Request
2022-04-21 23:39:58,574 [INFO] app: Before Request
2022-04-21 23:39:58,600 [INFO] app: After Request
2022-04-21 23:39:58,625 [INFO] app: Before Request
2022-04-21 23:39:58,635 [INFO] app: After Request
2022-04-21 23:40:27,111 [INFO] app: Before Request
2022-04-21 23:40:27,150 [INFO] app: After Request
2022-04-22 18:24:05,503 [INFO] app: Before Request
2022-04-22 18:24:05,524 [INFO] app: After Request
2022-04-22 18:24:05,544 [INFO] app: Before Request
2022-04-22 18:24:05,550 [INFO] app: After Request
2022-04-22 18:24:05,807 [INFO] app: Before Request
2022-04-22 18:24:05,818 [INFO] app: After Request
2022-04-22 18:24:06,285 [INFO] app: Before Request
2022-04-22 18:24:06,298 [INFO] app: After Request
2022-04-22 18:24:06,489 [INFO] app: Before Request
2022-04-22 18:24:06,508 [INFO] app: After Request
2022-04-22 18:24:15,072 [INFO] app: Before Request
2022-04-22 18:24:15,088 [INFO] app: After Request
2022-04-22 18:31:38,987 [INFO] app: Before Request
2022-04-22 18:31:39,012 [INFO] app: After Request
2022-04-22 18:31:47,596 [INFO] app: Before Request
2022-04-22 18:31:47,610 [INFO] app: After Request
2022-04-22 18:37:08,023 [INFO] app: Before Request
2022-04-22 18:37:08,051 [INFO] app: After Request
2022-04-22 18:46:15,452 [INFO] app: Before Request
2022-04-22 18:46:15,471 [INFO] app: After Request
2022-04-22 18:57:45,606 [INFO] app: Before Request
2022-04-22 18:57:45,631 [INFO] app: After Request
2022-04-22 19:01:12,369 [INFO] app: Before Request
2022-04-22 19:01:12,407 [INFO] app: After Request
2022-04-22 19:01:12,424 [INFO] app: Before Request
2022-04-22 19:01:12,429 [INFO] app: After Request
2022-04-22 19:07:39,860 [INFO] app: Before Request
2022-04-22 19:07:39,880 [INFO] app: After Request
2022-04-22 19:07:39,999 [INFO] app: Before Request
2022-04-22 19:07:40,012 [INFO] app: After Request
2022-04-22 19:07:40,206 [INFO] app: Before Request
2022-04-22 19:07:40,216 [INFO] app: After Request
2022-04-22 19:07:42,546 [INFO] app: Before Request
2022-04-22 19:07:42,567 [INFO] app: After Request
2022-04-22 19:45:52,556 [INFO] app: Before Request
2022-04-22 19:45:52,588 [INFO] app: After Request
2022-04-22 19:45:52,862 [INFO] app: Before Request
2022-04-22 19:45:52,881 [INFO] app: After Request
2022-04-22 19:45:53,193 [INFO] app: Before Request
2022-04-22 19:45:53,210 [INFO] app: After Request
2022-04-22 19:45:53,487 [INFO] app: Before Request
2022-04-22 19:45:53,500 [INFO] app: After Request
2022-04-22 19:45:54,032 [INFO] app: Before Request
2022-04-22 19:45:54,051 [INFO] app: After Request
2022-04-22 19:45:58,958 [INFO] app: Before Request
2022-04-22 19:45:58,972 [INFO] app: After Request
2022-04-22 19:46:05,741 [INFO] app: Before Request
2022-04-22 19:46:05,757 [INFO] app: After Request
2022-04-22 19:46:15,493 [INFO] app: Before Request
2022-04-22 19:46:15,517 [INFO] app: After Request
2022-04-22 19:55:43,925 [INFO] app: Before Request
2022-04-22 19:55:43,951 [INFO] app: After Request
2022-04-22 20:00:15,853 [INFO] app: Before Request
2022-04-22 20:00:15,977 [INFO] app: After Request
2022-04-22 20:00:28,187 [INFO] app: Before Request
2022-04-22 20:00:28,209 [INFO] app: After Request
2022-04-22 20:47:06,832 [INFO] app: Before Request
2022-04-22 20:47:06,854 [INFO] app: After Request
2022-04-22 20:47:07,016 [INFO] app: Before Request
2022-04-22 20:47:07,029 [INFO] app: After Request
2022-04-22 20:47:07,090 [INFO] app: Before Request
2022-04-22 20:47:07,104 [INFO] app: After Request
2022-04-22 20:47:07,415 [INFO] app: Before Request
2022-04-22 20:47:07,431 [INFO] app: After Request
2022-04-22 20:47:07,855 [INFO] app: Before Request
2022-04-22 20:47:07,873 [INFO] app: After Request
2022-04-22 20:47:12,365 [INFO] app: Before Request
2022-04-22 20:47:12,386 [INFO] app: After Request
2022-04-22 20:47:22,697 [INFO] app: Before Request
2022-04-22 20:47:22,711 [INFO] app: After Request
2022-04-22 20:54:34,731 [INFO] app: Before Request
2022-04-22 20:54:34,739 [INFO] app: Before Request
2022-04-22 20:54:34,748 [INFO] app: After Request
2022-04-22 20:54:34,750 [INFO] app: After Request
2022-04-22 20:54:34,889 [INFO] app: Before Request
2022-04-22 20:54:34,911 [INFO] app: After Request
2022-04-22 20:54:37,196 [INFO] app: Before Request
2022-04-22 20:54:37,213 [INFO] app: After Request
2022-04-22 22:14:36,172 [INFO] app: Before Request
2022-04-22 22:14:36,178 [INFO] app: Before Request
2022-04-22 22:14:36,199 [INFO] app: After Request
2022-04-22 22:14:36,203 [INFO] app: After Request
2022-04-22 22:14:36,778 [INFO] app: Before Request
2022-04-22 22:14:36,779 [INFO] app: Before Request
2022-04-22 22:14:36,797 [INFO] app: After Request
2022-04-22 22:14:36,805 [INFO] app: After Request
2022-04-22 22:15:17,460 [INFO] app: Before Request
2022-04-22 22:15:17,477 [INFO] app: After Request
2022-04-22 22:44:55,891 [INFO] app: Before Request
2022-04-22 22:44:55,893 [INFO] app: Before Request
2022-04-22 22:44:55,924 [INFO] app: After Request
2022-04-22 22:44:55,925 [INFO] app: After Request
2022-04-23 06:41:01,409 [INFO] app: Before Request
2022-04-23 06:41:01,438 [INFO] app: After Request
2022-04-25 02:13:21,031 [INFO] app: Before Request
2022-04-25 02:13:21,080 [INFO] app: After Request
2022-04-25 02:13:21,106 [INFO] app: Before Request
2022-04-25 02:13:21,114 [INFO] app: After Request
2022-04-25 03:15:14,981 [INFO] app: Before Request
2022-04-25 03:15:15,025 [INFO] app: After Request
2022-04-25 04:16:25,998 [INFO] app: Before Request
2022-04-25 04:16:26,032 [INFO] app: After Request
2022-04-25 04:55:28,780 [INFO] app: Before Request
2022-04-25 04:55:28,810 [INFO] app: After Request
2022-04-25 05:56:38,534 [INFO] app: Before Request
2022-04-25 05:56:38,647 [INFO] app: After Request
2022-04-25 06:00:04,528 [INFO] app: Before Request
2022-04-25 06:00:04,556 [INFO] app: After Request
2022-04-25 07:01:01,575 [INFO] app: Before Request
2022-04-25 07:01:01,626 [INFO] app: After Request
2022-04-25 11:19:12,936 [INFO] app: Before Request
2022-04-25 11:19:13,068 [INFO] app: After Request
2022-04-25 11:19:18,717 [INFO] app: Before Request
2022-04-25 11:19:18,737 [INFO] app: After Request
2022-04-25 11:41:08,610 [INFO] app: Before Request
2022-04-25 11:41:08,630 [INFO] app: After Request
2022-04-25 12:01:57,683 [INFO] app: Before Request
2022-04-25 12:01:57,836 [INFO] app: After Request
2022-04-25 12:26:53,179 [INFO] app: Before Request
2022-04-25 12:26:53,214 [INFO] app: After Request
2022-04-25 12:53:53,268 [INFO] app: Before Request
2022-04-25 12:53:53,356 [INFO] app: After Request
2022-04-25 13:36:57,383 [INFO] app: Before Request
2022-04-25 13:36:57,416 [INFO] app: After Request
2022-04-25 23:32:06,206 [INFO] app: Before Request
2022-04-25 23:32:06,238 [INFO] app: After Request
2022-04-25 23:32:06,287 [INFO] app: Before Request
2022-04-25 23:32:06,294 [INFO] app: After Request
2022-04-26 00:34:40,218 [INFO] app: Before Request
2022-04-26 00:34:40,251 [INFO] app: After Request
2022-04-26 01:01:54,700 [INFO] mydebug: debug run
2022-04-26 01:01:54,701 [INFO] app: Before Request
2022-04-26 01:01:54,760 [INFO] app: After Request
2022-04-26 01:01:54,781 [INFO] mydebug: debug run
2022-04-26 01:01:54,782 [INFO] app: Before Request
2022-04-26 01:01:54,785 [INFO] app: After Request
2022-04-26 01:01:54,788 [INFO] app: Before Request
2022-04-26 01:01:54,850 [INFO] app: After Request
2022-04-26 01:01:54,855 [INFO] app: Before Request
2022-04-26 01:01:54,891 [INFO] app: After Request
2022-04-26 01:01:54,952 [INFO] mydebug: debug run
2022-04-26 01:01:54,953 [INFO] app: Before Request
2022-04-26 01:01:55,015 [INFO] app: After Request
2022-04-26 01:01:55,031 [INFO] mydebug: debug run
2022-04-26 01:01:55,032 [INFO] app: Before Request
2022-04-26 01:01:55,090 [INFO] app: After Request
2022-04-26 01:01:55,109 [INFO] mydebug: debug run
2022-04-26 01:01:55,110 [INFO] app: Before Request
2022-04-26 01:01:55,176 [INFO] app: After Request
2022-04-26 01:01:55,195 [INFO] mydebug: debug run
2022-04-26 01:01:55,196 [INFO] app: Before Request
2022-04-26 01:01:55,253 [INFO] app: After Request
2022-04-26 01:01:55,271 [INFO] mydebug: debug run
2022-04-26 01:01:55,272 [INFO] app: Before Request
2022-04-26 01:01:55,330 [INFO] app: After Request
2022-04-26 01:01:55,349 [INFO] mydebug: debug run
2022-04-26 01:01:55,350 [INFO] app: Before Request
2022-04-26 01:01:55,412 [INFO] app: After Request
2022-04-26 01:01:55,431 [INFO] mydebug: debug run
2022-04-26 01:01:55,432 [INFO] app: Before Request
2022-04-26 01:01:55,491 [INFO] app: After Request
2022-04-26 01:01:55,509 [INFO] mydebug: debug run
2022-04-26 01:01:55,509 [INFO] app: Before Request
2022-04-26 01:01:55,568 [INFO] app: After Request
2022-04-26 01:26:26,474 [INFO] app: Before Request
2022-04-26 01:26:26,593 [INFO] app: Browse page loading
2022-04-26 01:26:26,641 [INFO] app: After Request
2022-04-26 01:26:26,835 [INFO] app: Before Request
2022-04-26 01:26:30,587 [INFO] app: Before Request
2022-04-26 01:26:30,625 [INFO] app: After Request
2022-04-26 01:26:31,919 [INFO] app: Before Request
2022-04-26 01:26:31,966 [INFO] app: Browse page loading
2022-04-26 01:26:31,972 [INFO] app: After Request
2022-04-26 01:26:32,006 [INFO] app: Before Request
2022-04-26 01:35:45,163 [INFO] app: Before Request
2022-04-26 01:35:45,201 [INFO] app: After Request
2022-04-26 02:01:41,181 [INFO] mydebug: debug run
2022-04-26 02:01:41,182 [INFO] app: Before Request
2022-04-26 02:01:41,248 [INFO] app: After Request
2022-04-26 02:01:41,266 [INFO] mydebug: debug run
2022-04-26 02:01:41,267 [INFO] app: Before Request
2022-04-26 02:01:41,270 [INFO] app: After Request
2022-04-26 02:01:41,274 [INFO] app: Before Request
2022-04-26 02:01:41,332 [INFO] app: After Request
2022-04-26 02:01:41,337 [INFO] app: Before Request
2022-04-26 02:01:41,345 [INFO] app: After Request
2022-04-26 02:01:41,393 [INFO] mydebug: debug run
2022-04-26 02:01:41,394 [INFO] app: Before Request
2022-04-26 02:01:41,455 [INFO] app: After Request
2022-04-26 02:01:41,475 [INFO] mydebug: debug run
2022-04-26 02:01:41,475 [INFO] app: Before Request
2022-04-26 02:01:41,533 [INFO] app: After Request
2022-04-26 02:01:41,553 [INFO] mydebug: debug run
2022-04-26 02:01:41,554 [INFO] app: Before Request
2022-04-26 02:01:41,613 [INFO] app: After Request
2022-04-26 02:01:41,632 [INFO] mydebug: debug run
2022-04-26 02:01:41,633 [INFO] app: Before Request
2022-04-26 02:01:41,697 [INFO] app: After Request
2022-04-26 02:01:41,716 [INFO] mydebug: debug run
2022-04-26 02:01:41,717 [INFO] app: Before Request
2022-04-26 02:01:41,775 [INFO] app: After Request
2022-04-26 02:01:41,795 [INFO] mydebug: debug run
2022-04-26 02:01:41,796 [INFO] app: Before Request
2022-04-26 02:01:41,861 [INFO] app: After Request
2022-04-26 02:01:41,886 [INFO] mydebug: debug run
2022-04-26 02:01:41,886 [INFO] app: Before Request
2022-04-26 02:01:41,944 [INFO] app: After Request
2022-04-26 02:01:41,964 [INFO] mydebug: debug run
2022-04-26 02:01:41,965 [INFO] app: Before Request
2022-04-26 02:01:42,021 [INFO] app: After Request
2022-04-26 02:02:10,120 [INFO] app: Before Request
2022-04-26 02:02:10,179 [INFO] app: After Request
2022-04-26 02:02:13,769 [INFO] app: Before Request
2022-04-26 02:02:13,814 [INFO] app: After Request
2022-04-26 02:02:16,525 [INFO] app: Before Request
2022-04-26 02:02:16,565 [INFO] app: Browse page loading
2022-04-26 02:02:16,569 [INFO] app: After Request
2022-04-26 02:02:16,611 [INFO] app: Before Request
2022-04-26 02:02:17,867 [INFO] app: Before Request
2022-04-26 02:02:17,922 [INFO] app: After Request
2022-04-26 02:27:26,344 [INFO] app: Before Request
2022-04-26 02:27:26,362 [INFO] app: After Request
2022-04-26 02:36:41,882 [INFO] app: Before Request
2022-04-26 02:36:41,915 [INFO] app: After Request
2022-04-26 02:48:07,625 [INFO] app: Before Request
2022-04-26 02:48:07,681 [INFO] app: After Request
2022-04-26 02:48:09,958 [INFO] app: Before Request
2022-04-26 02:48:10,020 [INFO] app: After Request
2022-04-26 02:48:11,561 [INFO] app: Before Request
2022-04-26 02:48:11,617 [INFO] app: Browse page loading
2022-04-26 02:48:11,623 [INFO] app: After Request
2022-04-26 02:48:11,663 [INFO] app: Before Request
2022-04-26 03:22:40,210 [INFO] app: Before Request
2022-04-26 03:22:40,267 [INFO] app: After Request
2022-04-26 03:22:43,632 [INFO] app: Before Request
2022-04-26 03:22:43,695 [INFO] app: After Request
2022-04-26 03:22:46,534 [INFO] app: Before Request
2022-04-26 03:22:46,576 [INFO] app: After Request
2022-04-26 03:27:26,340 [INFO] app: Before Request
2022-04-26 03:27:26,370 [INFO] app: After Request
2022-04-26 03:37:37,069 [INFO] app: Before Request
2022-04-26 03:37:37,102 [INFO] app: After Request
2022-04-26 03:43:21,982 [INFO] app: Before Request
2022-04-26 04:44:03,228 [INFO] app: Before Request
2022-04-26 04:44:03,248 [INFO] app: After Request
2022-04-26 04:53:52,251 [INFO] app: Before Request
2022-04-26 04:53:52,395 [INFO] app: After Request
2022-04-26 05:33:42,533 [INFO] app: Before Request
2022-04-26 05:33:42,559 [INFO] app: After Request
2022-04-26 05:33:42,720 [INFO] app: Before Request
2022-04-26 05:33:42,742 [INFO] app: After Request
2022-04-26 05:33:42,938 [INFO] app: Before Request
2022-04-26 05:33:42,956 [INFO] app: After Request
2022-04-26 05:33:42,979 [INFO] app: Before Request
2022-04-26 05:33:42,988 [INFO] app: After Request
2022-04-26 05:33:43,002 [INFO] app: Before Request
2022-04-26 05:33:43,007 [INFO] app: After Request
2022-04-26 05:33:43,020 [INFO] app: Before Request
2022-04-26 05:33:43,026 [INFO] app: After Request
2022-04-26 05:33:43,039 [INFO] app: Before Request
2022-04-26 05:33:43,045 [INFO] app: After Request
2022-04-26 05:33:43,055 [INFO] app: Before Request
2022-04-26 05:33:43,062 [INFO] app: After Request
2022-04-26 05:33:43,076 [INFO] app: Before Request
2022-04-26 05:33:43,081 [INFO] app: After Request
2022-04-26 05:33:43,098 [INFO] app: Before Request
2022-04-26 05:33:43,103 [INFO] app: After Request
2022-04-26 05:33:43,116 [INFO] app: Before Request
2022-04-26 05:33:43,123 [INFO] app: After Request
2022-04-26 05:44:03,376 [INFO] app: Before Request
2022-04-26 05:44:03,411 [INFO] app: After Request
2022-04-26 10:02:38,218 [INFO] app: Before Request
2022-04-26 10:02:38,250 [INFO] app: After Request
2022-04-26 10:06:29,575 [INFO] app: Before Request
2022-04-26 10:06:29,611 [INFO] app: After Request
2022-04-26 11:05:45,163 [INFO] app: Before Request
2022-04-26 11:05:45,203 [INFO] app: After Request
2022-04-26 11:09:32,198 [INFO] app: Before Request
2022-04-26 11:09:32,246 [INFO] app: After Request
2022-04-26 11:09:32,273 [INFO] app: Before Request
2022-04-26 11:09:32,280 [INFO] app: After Request
2022-04-26 11:09:32,450 [INFO] app: Before Request
2022-04-26 11:09:32,461 [INFO] app: After Request
2022-04-26 11:09:32,478 [INFO] app: Before Request
2022-04-26 11:09:32,485 [INFO] app: After Request
2022-04-26 11:09:32,500 [INFO] app: Before Request
2022-04-26 11:09:32,506 [INFO] app: After Request
2022-04-26 11:09:32,520 [INFO] app: Before Request
2022-04-26 11:09:32,526 [INFO] app: After Request
2022-04-26 11:09:32,543 [INFO] app: Before Request
2022-04-26 11:09:32,548 [INFO] app: After Request
2022-04-26 11:09:32,561 [INFO] app: Before Request
2022-04-26 11:09:32,566 [INFO] app: After Request
2022-04-26 11:09:32,581 [INFO] app: Before Request
2022-04-26 11:09:32,592 [INFO] app: After Request
2022-04-26 11:09:32,605 [INFO] app: Before Request
2022-04-26 11:09:32,613 [INFO] app: After Request
2022-04-26 11:09:32,631 [INFO] app: Before Request
2022-04-26 11:09:32,641 [INFO] app: After Request
2022-04-26 12:06:31,711 [INFO] app: Before Request
2022-04-26 12:06:31,746 [INFO] app: After Request
2022-04-26 12:07:01,807 [INFO] app: Before Request
2022-04-26 12:07:01,847 [INFO] app: After Request
2022-04-26 12:23:56,021 [INFO] app: Before Request
2022-04-26 12:23:56,126 [INFO] app: Browse page loading
2022-04-26 12:23:56,136 [INFO] app: After Request
2022-04-26 12:23:56,205 [INFO] app: Before Request
2022-04-26 12:23:57,452 [INFO] app: Before Request
2022-04-26 12:23:57,476 [INFO] app: After Request
2022-04-26 13:09:07,042 [INFO] app: Before Request
2022-04-26 13:09:07,083 [INFO] app: After Request
2022-04-26 14:06:32,850 [INFO] app: Before Request
2022-04-26 14:06:32,879 [INFO] app: After Request
2022-04-26 14:22:03,534 [INFO] mydebug: debug run
2022-04-26 14:22:03,535 [INFO] app: Before Request
2022-04-26 14:22:03,631 [INFO] app: After Request
2022-04-26 14:22:03,671 [INFO] mydebug: debug run
2022-04-26 14:22:03,673 [INFO] app: Before Request
2022-04-26 14:22:03,679 [INFO] app: After Request
2022-04-26 14:22:03,684 [INFO] app: Before Request
2022-04-26 14:22:03,781 [INFO] app: After Request
2022-04-26 14:22:03,787 [INFO] app: Before Request
2022-04-26 14:22:03,800 [INFO] app: After Request
2022-04-26 14:22:03,924 [INFO] mydebug: debug run
2022-04-26 14:22:03,925 [INFO] app: Before Request
2022-04-26 14:22:04,020 [INFO] app: After Request
2022-04-26 14:22:04,049 [INFO] mydebug: debug run
2022-04-26 14:22:04,050 [INFO] app: Before Request
2022-04-26 14:22:04,143 [INFO] app: After Request
2022-04-26 14:22:04,170 [INFO] mydebug: debug run
2022-04-26 14:22:04,171 [INFO] app: Before Request
2022-04-26 14:22:04,260 [INFO] app: After Request
2022-04-26 14:22:04,288 [INFO] mydebug: debug run
2022-04-26 14:22:04,289 [INFO] app: Before Request
2022-04-26 14:22:04,381 [INFO] app: After Request
2022-04-26 14:22:04,409 [INFO] mydebug: debug run
2022-04-26 14:22:04,410 [INFO] app: Before Request
2022-04-26 14:22:04,501 [INFO] app: After Request
2022-04-26 14:22:04,529 [INFO] mydebug: debug run
2022-04-26 14:22:04,530 [INFO] app: Before Request
2022-04-26 14:22:04,628 [INFO] app: After Request
2022-04-26 14:22:04,656 [INFO] mydebug: debug run
2022-04-26 14:22:04,657 [INFO] app: Before Request
2022-04-26 14:22:04,747 [INFO] app: After Request
2022-04-26 14:22:04,778 [INFO] mydebug: debug run
2022-04-26 14:22:04,783 [INFO] app: Before Request
2022-04-26 14:22:04,880 [INFO] app: After Request
2022-04-26 14:22:14,586 [INFO] mydebug: debug run
2022-04-26 14:22:14,587 [INFO] app: Before Request
2022-04-26 14:22:14,706 [INFO] app: After Request
2022-04-26 14:22:14,735 [INFO] mydebug: debug run
2022-04-26 14:22:14,737 [INFO] app: Before Request
2022-04-26 14:22:14,741 [INFO] app: After Request
2022-04-26 14:22:14,747 [INFO] app: Before Request
2022-04-26 14:22:14,843 [INFO] app: After Request
2022-04-26 14:22:14,851 [INFO] app: Before Request
2022-04-26 14:22:14,863 [INFO] app: After Request
2022-04-26 14:22:14,978 [INFO] mydebug: debug run
2022-04-26 14:22:14,979 [INFO] app: Before Request
2022-04-26 14:22:15,070 [INFO] app: After Request
2022-04-26 14:22:15,097 [INFO] mydebug: debug run
2022-04-26 14:22:15,098 [INFO] app: Before Request
2022-04-26 14:22:15,191 [INFO] app: After Request
2022-04-26 14:22:15,217 [INFO] mydebug: debug run
2022-04-26 14:22:15,218 [INFO] app: Before Request
2022-04-26 14:22:15,309 [INFO] app: After Request
2022-04-26 14:22:15,336 [INFO] mydebug: debug run
2022-04-26 14:22:15,336 [INFO] app: Before Request
2022-04-26 14:22:15,428 [INFO] app: After Request
2022-04-26 14:22:15,455 [INFO] mydebug: debug run
2022-04-26 14:22:15,456 [INFO] app: Before Request
2022-04-26 14:22:15,546 [INFO] app: After Request
2022-04-26 14:22:15,576 [INFO] mydebug: debug run
2022-04-26 14:22:15,577 [INFO] app: Before Request
2022-04-26 14:22:15,666 [INFO] app: After Request
2022-04-26 14:22:15,694 [INFO] mydebug: debug run
2022-04-26 14:22:15,695 [INFO] app: Before Request
2022-04-26 14:22:15,786 [INFO] app: After Request
2022-04-26 14:22:15,814 [INFO] mydebug: debug run
2022-04-26 14:22:15,815 [INFO] app: Before Request
2022-04-26 14:22:15,908 [INFO] app: After Request
2022-04-26 14:22:22,682 [INFO] mydebug: debug run
2022-04-26 14:22:22,683 [INFO] app: Before Request
2022-04-26 14:22:22,780 [INFO] app: After Request
2022-04-26 14:22:22,807 [INFO] mydebug: debug run
2022-04-26 14:22:22,808 [INFO] app: Before Request
2022-04-26 14:22:22,814 [INFO] app: After Request
2022-04-26 14:22:22,820 [INFO] app: Before Request
2022-04-26 14:22:22,918 [INFO] app: After Request
2022-04-26 14:22:22,924 [INFO] app: Before Request
2022-04-26 14:22:22,933 [INFO] app: After Request
2022-04-26 14:22:23,005 [INFO] mydebug: debug run
2022-04-26 14:22:23,006 [INFO] app: Before Request
2022-04-26 14:22:23,096 [INFO] app: After Request
2022-04-26 14:22:23,122 [INFO] mydebug: debug run
2022-04-26 14:22:23,123 [INFO] app: Before Request
2022-04-26 14:22:23,219 [INFO] app: After Request
2022-04-26 14:22:23,246 [INFO] mydebug: debug run
2022-04-26 14:22:23,247 [INFO] app: Before Request
2022-04-26 14:22:23,341 [INFO] app: After Request
2022-04-26 14:22:23,371 [INFO] mydebug: debug run
2022-04-26 14:22:23,372 [INFO] app: Before Request
2022-04-26 14:22:23,467 [INFO] app: After Request
2022-04-26 14:22:23,495 [INFO] mydebug: debug run
2022-04-26 14:22:23,497 [INFO] app: Before Request
2022-04-26 14:22:23,590 [INFO] app: After Request
2022-04-26 14:22:23,616 [INFO] mydebug: debug run
2022-04-26 14:22:23,617 [INFO] app: Before Request
2022-04-26 14:22:23,708 [INFO] app: After Request
2022-04-26 14:22:23,734 [INFO] mydebug: debug run
2022-04-26 14:22:23,736 [INFO] app: Before Request
2022-04-26 14:22:23,830 [INFO] app: After Request
2022-04-26 14:22:23,857 [INFO] mydebug: debug run
2022-04-26 14:22:23,858 [INFO] app: Before Request
2022-04-26 14:22:23,949 [INFO] app: After Request
2022-04-26 14:25:08,547 [INFO] mydebug: debug run
2022-04-26 14:25:08,549 [INFO] app: Before Request
2022-04-26 14:25:08,644 [INFO] app: After Request
2022-04-26 14:25:08,674 [INFO] mydebug: debug run
2022-04-26 14:25:08,675 [INFO] app: Before Request
2022-04-26 14:25:08,680 [INFO] app: After Request
2022-04-26 14:25:08,686 [INFO] app: Before Request
2022-04-26 14:25:08,779 [INFO] app: After Request
2022-04-26 14:25:08,785 [INFO] app: Before Request
2022-04-26 14:25:08,795 [INFO] app: After Request
2022-04-26 14:25:08,910 [INFO] mydebug: debug run
2022-04-26 14:25:08,911 [INFO] app: Before Request
2022-04-26 14:25:09,006 [INFO] app: After Request
2022-04-26 14:25:09,031 [INFO] mydebug: debug run
2022-04-26 14:25:09,032 [INFO] app: Before Request
2022-04-26 14:25:09,137 [INFO] app: After Request
2022-04-26 14:25:09,164 [INFO] mydebug: debug run
2022-04-26 14:25:09,165 [INFO] app: Before Request
2022-04-26 14:25:09,257 [INFO] app: After Request
2022-04-26 14:25:09,289 [INFO] mydebug: debug run
2022-04-26 14:25:09,290 [INFO] app: Before Request
2022-04-26 14:25:09,385 [INFO] app: After Request
2022-04-26 14:25:09,412 [INFO] mydebug: debug run
2022-04-26 14:25:09,413 [INFO] app: Before Request
2022-04-26 14:25:09,505 [INFO] app: After Request
2022-04-26 14:25:09,532 [INFO] mydebug: debug run
2022-04-26 14:25:09,533 [INFO] app: Before Request
2022-04-26 14:25:09,623 [INFO] app: After Request
2022-04-26 14:25:09,652 [INFO] mydebug: debug run
2022-04-26 14:25:09,653 [INFO] app: Before Request
2022-04-26 14:25:09,743 [INFO] app: After Request
2022-04-26 14:25:09,767 [INFO] mydebug: debug run
2022-04-26 14:25:09,768 [INFO] app: Before Request
2022-04-26 14:25:09,859 [INFO] app: After Request
2022-04-26 14:25:34,195 [INFO] mydebug: debug run
2022-04-26 14:25:34,197 [INFO] app: Before Request
2022-04-26 14:25:34,293 [INFO] app: After Request
2022-04-26 14:25:34,320 [INFO] mydebug: debug run
2022-04-26 14:25:34,321 [INFO] app: Before Request
2022-04-26 14:25:34,325 [INFO] app: After Request
2022-04-26 14:25:34,330 [INFO] app: Before Request
2022-04-26 14:25:34,426 [INFO] app: After Request
2022-04-26 14:25:34,432 [INFO] app: Before Request
2022-04-26 14:25:34,442 [INFO] app: After Request
2022-04-26 14:25:34,517 [INFO] mydebug: debug run
2022-04-26 14:25:34,518 [INFO] app: Before Request
2022-04-26 14:25:34,612 [INFO] app: After Request
2022-04-26 14:25:34,637 [INFO] mydebug: debug run
2022-04-26 14:25:34,638 [INFO] app: Before Request
2022-04-26 14:25:34,735 [INFO] app: After Request
2022-04-26 14:25:34,761 [INFO] mydebug: debug run
2022-04-26 14:25:34,762 [INFO] app: Before Request
2022-04-26 14:25:34,855 [INFO] app: After Request
2022-04-26 14:25:34,882 [INFO] mydebug: debug run
2022-04-26 14:25:34,883 [INFO] app: Before Request
2022-04-26 14:25:34,974 [INFO] app: After Request
2022-04-26 14:25:35,000 [INFO] mydebug: debug run
2022-04-26 14:25:35,001 [INFO] app: Before Request
2022-04-26 14:25:35,094 [INFO] app: After Request
2022-04-26 14:25:35,142 [INFO] mydebug: debug run
2022-04-26 14:25:35,144 [INFO] app: Before Request
2022-04-26 14:25:35,237 [INFO] app: After Request
2022-04-26 14:25:35,263 [INFO] mydebug: debug run
2022-04-26 14:25:35,264 [INFO] app: Before Request
2022-04-26 14:25:35,362 [INFO] app: After Request
2022-04-26 14:25:35,389 [INFO] mydebug: debug run
2022-04-26 14:25:35,390 [INFO] app: Before Request
2022-04-26 14:25:35,484 [INFO] app: After Request
2022-04-26 14:59:35,469 [INFO] mydebug: debug run
2022-04-26 14:59:35,472 [INFO] app: Before Request
2022-04-26 14:59:35,669 [INFO] app: After Request
2022-04-26 14:59:35,760 [INFO] app: Before Request
2022-04-26 14:59:35,775 [INFO] app: After Request
2022-04-26 14:59:46,926 [INFO] app: Before Request
2022-04-26 14:59:46,940 [INFO] app: After Request
2022-04-26 15:06:31,924 [INFO] app: Before Request
2022-04-26 15:06:31,943 [INFO] app: After Request
2022-04-26 15:41:14,508 [INFO] app: Before Request
2022-04-26 15:41:14,551 [INFO] app: After Request
2022-04-26 15:41:27,314 [INFO] app: Before Request
2022-04-26 15:41:27,333 [INFO] app: After Request
2022-04-26 17:06:31,929 [INFO] app: Before Request
2022-04-26 17:06:31,981 [INFO] app: After Request
2022-04-26 18:06:31,965 [INFO] app: Before Request
2022-04-26 18:06:31,993 [INFO] app: After Request
2022-04-26 19:24:04,954 [INFO] app: Before Request
2022-04-26 19:24:05,005 [INFO] app: After Request
2022-04-26 19:57:26,300 [INFO] app: Before Request
2022-04-26 19:57:26,319 [INFO] app: After Request
2022-04-26 21:50:04,984 [INFO] app: Before Request
2022-04-26 21:50:05,008 [INFO] app: After Request
2022-04-26 22:50:05,040 [INFO] app: Before Request
2022-04-26 22:50:05,054 [INFO] app: After Request
2022-04-26 23:59:12,862 [INFO] app: Before Request
2022-04-26 23:59:12,892 [INFO] app: After Request
2022-04-27 00:14:30,426 [INFO] mydebug: debug run
2022-04-27 00:14:30,427 [INFO] app: Before Request
2022-04-27 00:14:30,490 [INFO] app: After Request
2022-04-27 00:14:30,510 [INFO] mydebug: debug run
2022-04-27 00:14:30,511 [INFO] app: Before Request
2022-04-27 00:14:30,513 [INFO] app: After Request
2022-04-27 00:14:30,516 [INFO] app: Before Request
2022-04-27 00:14:30,581 [INFO] app: After Request
2022-04-27 00:14:30,588 [INFO] app: Before Request
2022-04-27 00:14:30,596 [INFO] app: After Request
2022-04-27 00:14:30,673 [INFO] mydebug: debug run
2022-04-27 00:14:30,674 [INFO] app: Before Request
2022-04-27 00:14:30,732 [INFO] app: After Request
2022-04-27 00:14:30,752 [INFO] mydebug: debug run
2022-04-27 00:14:30,753 [INFO] app: Before Request
2022-04-27 00:14:30,812 [INFO] app: After Request
2022-04-27 00:14:30,832 [INFO] mydebug: debug run
2022-04-27 00:14:30,833 [INFO] app: Before Request
2022-04-27 00:14:30,897 [INFO] app: After Request
2022-04-27 00:14:30,916 [INFO] mydebug: debug run
2022-04-27 00:14:30,917 [INFO] app: Before Request
2022-04-27 00:14:30,974 [INFO] app: After Request
2022-04-27 00:14:30,991 [INFO] mydebug: debug run
2022-04-27 00:14:30,992 [INFO] app: Before Request
2022-04-27 00:14:31,050 [INFO] app: After Request
2022-04-27 00:14:31,067 [INFO] mydebug: debug run
2022-04-27 00:14:31,068 [INFO] app: Before Request
2022-04-27 00:14:31,124 [INFO] app: After Request
2022-04-27 00:14:31,143 [INFO] mydebug: debug run
2022-04-27 00:14:31,144 [INFO] app: Before Request
2022-04-27 00:14:31,201 [INFO] app: After Request
2022-04-27 00:14:31,218 [INFO] mydebug: debug run
2022-04-27 00:14:31,219 [INFO] app: Before Request
2022-04-27 00:14:31,278 [INFO] app: After Request
2022-04-27 00:33:03,517 [INFO] mydebug: debug run
2022-04-27 00:33:03,518 [INFO] app: Before Request
2022-04-27 00:33:03,578 [INFO] app: After Request
2022-04-27 00:33:03,601 [INFO] mydebug: debug run
2022-04-27 00:33:03,602 [INFO] app: Before Request
2022-04-27 00:33:03,607 [INFO] app: After Request
2022-04-27 00:33:03,617 [INFO] app: Before Request
2022-04-27 00:33:03,683 [INFO] app: After Request
2022-04-27 00:33:03,689 [INFO] app: Before Request
2022-04-27 00:33:03,697 [INFO] app: After Request
2022-04-27 00:33:03,748 [INFO] mydebug: debug run
2022-04-27 00:33:03,749 [INFO] app: Before Request
2022-04-27 00:33:03,809 [INFO] app: After Request
2022-04-27 00:33:03,834 [INFO] mydebug: debug run
2022-04-27 00:33:03,835 [INFO] app: Before Request
2022-04-27 00:33:03,895 [INFO] app: After Request
2022-04-27 00:33:03,913 [INFO] mydebug: debug run
2022-04-27 00:33:03,914 [INFO] app: Before Request
2022-04-27 00:33:03,971 [INFO] app: After Request
2022-04-27 00:33:03,991 [INFO] mydebug: debug run
2022-04-27 00:33:03,992 [INFO] app: Before Request
2022-04-27 00:33:04,049 [INFO] app: After Request
2022-04-27 00:33:04,067 [INFO] mydebug: debug run
2022-04-27 00:33:04,068 [INFO] app: Before Request
2022-04-27 00:33:04,125 [INFO] app: After Request
2022-04-27 00:33:04,143 [INFO] mydebug: debug run
2022-04-27 00:33:04,144 [INFO] app: Before Request
2022-04-27 00:33:04,201 [INFO] app: After Request
2022-04-27 00:33:04,219 [INFO] mydebug: debug run
2022-04-27 00:33:04,220 [INFO] app: Before Request
2022-04-27 00:33:04,279 [INFO] app: After Request
2022-04-27 00:33:04,300 [INFO] mydebug: debug run
2022-04-27 00:33:04,301 [INFO] app: Before Request
2022-04-27 00:33:04,361 [INFO] app: After Request
2022-04-27 01:09:52,763 [INFO] mydebug: debug run
2022-04-27 01:09:52,764 [INFO] app: Before Request
2022-04-27 01:09:52,824 [INFO] app: After Request
2022-04-27 01:09:52,842 [INFO] mydebug: debug run
2022-04-27 01:09:52,843 [INFO] app: Before Request
2022-04-27 01:09:52,845 [INFO] app: After Request
2022-04-27 01:09:52,849 [INFO] app: Before Request
2022-04-27 01:09:52,910 [INFO] app: After Request
2022-04-27 01:09:52,915 [INFO] app: Before Request
2022-04-27 01:09:52,923 [INFO] app: After Request
2022-04-27 01:09:53,000 [INFO] mydebug: debug run
2022-04-27 01:09:53,001 [INFO] app: Before Request
2022-04-27 01:09:53,066 [INFO] app: After Request
2022-04-27 01:09:53,084 [INFO] mydebug: debug run
2022-04-27 01:09:53,087 [INFO] app: Before Request
2022-04-27 01:09:53,144 [INFO] app: After Request
2022-04-27 01:09:53,163 [INFO] mydebug: debug run
2022-04-27 01:09:53,163 [INFO] app: Before Request
2022-04-27 01:09:53,223 [INFO] app: After Request
2022-04-27 01:09:53,241 [INFO] mydebug: debug run
2022-04-27 01:09:53,241 [INFO] app: Before Request
2022-04-27 01:09:53,298 [INFO] app: After Request
2022-04-27 01:09:53,319 [INFO] mydebug: debug run
2022-04-27 01:09:53,320 [INFO] app: Before Request
2022-04-27 01:09:53,403 [INFO] app: After Request
2022-04-27 01:09:53,421 [INFO] mydebug: debug run
2022-04-27 01:09:53,422 [INFO] app: Before Request
2022-04-27 01:09:53,480 [INFO] app: After Request
2022-04-27 01:09:53,502 [INFO] mydebug: debug run
2022-04-27 01:09:53,503 [INFO] app: Before Request
2022-04-27 01:09:53,562 [INFO] app: After Request
2022-04-27 01:09:53,578 [INFO] mydebug: debug run
2022-04-27 01:09:53,578 [INFO] app: Before Request
2022-04-27 01:09:53,635 [INFO] app: After Request
2022-04-27 01:24:18,180 [INFO] mydebug: debug run
2022-04-27 01:24:18,182 [INFO] app: Before Request
2022-04-27 01:24:18,248 [INFO] app: After Request
2022-04-27 01:24:18,267 [INFO] mydebug: debug run
2022-04-27 01:24:18,268 [INFO] app: Before Request
2022-04-27 01:24:18,271 [INFO] app: After Request
2022-04-27 01:24:18,274 [INFO] app: Before Request
2022-04-27 01:24:18,375 [INFO] app: After Request
2022-04-27 01:24:18,382 [INFO] app: Before Request
2022-04-27 01:24:18,395 [INFO] app: After Request
2022-04-27 01:24:18,465 [INFO] mydebug: debug run
2022-04-27 01:24:18,466 [INFO] app: Before Request
2022-04-27 01:24:18,530 [INFO] app: After Request
2022-04-27 01:24:18,549 [INFO] mydebug: debug run
2022-04-27 01:24:18,550 [INFO] app: Before Request
2022-04-27 01:24:18,607 [INFO] app: After Request
2022-04-27 01:24:18,624 [INFO] mydebug: debug run
2022-04-27 01:24:18,625 [INFO] app: Before Request
2022-04-27 01:24:18,681 [INFO] app: After Request
2022-04-27 01:24:18,700 [INFO] mydebug: debug run
2022-04-27 01:24:18,700 [INFO] app: Before Request
2022-04-27 01:24:18,758 [INFO] app: After Request
2022-04-27 01:24:18,775 [INFO] mydebug: debug run
2022-04-27 01:24:18,776 [INFO] app: Before Request
2022-04-27 01:24:18,832 [INFO] app: After Request
2022-04-27 01:24:18,850 [INFO] mydebug: debug run
2022-04-27 01:24:18,851 [INFO] app: Before Request
2022-04-27 01:24:18,908 [INFO] app: After Request
2022-04-27 01:24:18,927 [INFO] mydebug: debug run
2022-04-27 01:24:18,928 [INFO] app: Before Request
2022-04-27 01:24:18,988 [INFO] app: After Request
2022-04-27 01:24:19,005 [INFO] mydebug: debug run
2022-04-27 01:24:19,006 [INFO] app: Before Request
2022-04-27 01:24:19,073 [INFO] app: After Request
2022-04-27 01:59:13,215 [INFO] mydebug: debug run
2022-04-27 01:59:13,217 [INFO] app: Before Request
2022-04-27 01:59:13,353 [INFO] app: After Request
